<?xml version="1.0" encoding="UTF-8"?>
<robot generator="Robot 4.1.2 (Python 3.10.1 on win32)" generated="20220716 19:59:43.653" rpa="false" schemaversion="2">
<suite id="s1" name="REST-APITest" source="C:\Users\Aisha\PycharmProjects\pythonProject\pythonProject\RobotAutomation\REST-APITest">
<suite id="s1-s1" name="EndtoEnd" source="C:\Users\Aisha\PycharmProjects\pythonProject\pythonProject\RobotAutomation\REST-APITest\EndtoEnd">
<suite id="s1-s1-s1" name="TC 006 End2End" source="C:\Users\Aisha\PycharmProjects\pythonProject\pythonProject\RobotAutomation\REST-APITest\EndtoEnd\TC_006_End2End.robot">
<test id="s1-s1-s1-t1" name="TC_006 End_to_End_TestCase">
<kw name="Create Session" library="RequestsLibrary">
<arg>End to End Scenario</arg>
<arg>${base_url}</arg>
<doc>Create Session: create a HTTP session to a server</doc>
<msg timestamp="20220716 19:59:43.994" level="INFO">Creating Session using : alias=End to End Scenario, url=https://thetestingworldapi.com/, headers={},                     cookies={}, auth=None, timeout=None, proxies=None, verify=False,                     debug=0 </msg>
<status status="PASS" starttime="20220716 19:59:43.994" endtime="20220716 19:59:43.995"/>
</kw>
<kw name="Create Dictionary" library="BuiltIn">
<var>&amp;{header}</var>
<arg>Content-Type=application/json</arg>
<doc>Creates and returns a dictionary based on the given ``items``.</doc>
<msg timestamp="20220716 19:59:43.996" level="INFO">&amp;{header} = { Content-Type=application/json }</msg>
<status status="PASS" starttime="20220716 19:59:43.995" endtime="20220716 19:59:43.996"/>
</kw>
<kw name="Create Dictionary" library="BuiltIn">
<var>&amp;{body}</var>
<arg>first_name=${original_first_name}</arg>
<arg>middle_name=Debbie</arg>
<arg>last_name=Roland</arg>
<arg>date_of_birth=12/12/1993</arg>
<doc>Creates and returns a dictionary based on the given ``items``.</doc>
<msg timestamp="20220716 19:59:43.998" level="INFO">&amp;{body} = { first_name=Kathie | middle_name=Debbie | last_name=Roland | date_of_birth=12/12/1993 }</msg>
<status status="PASS" starttime="20220716 19:59:43.997" endtime="20220716 19:59:43.998"/>
</kw>
<kw name="Post Request" library="RequestsLibrary">
<var>${post_response}</var>
<arg>End to End Scenario</arg>
<arg>api/studentsDetails</arg>
<arg>headers=${header}</arg>
<arg>data=${body}</arg>
<doc>*DEPRECATED* Please use `POST On Session` instead.</doc>
<msg timestamp="20220716 19:59:43.999" level="WARN">Keyword 'RequestsLibrary.Post Request' is deprecated. Please use `POST On Session` instead.</msg>
<msg timestamp="20220716 19:59:45.527" level="INFO">POST Request : url=https://thetestingworldapi.com/api/studentsDetails 
 path_url=/api/studentsDetails 
 headers={'User-Agent': 'python-requests/2.28.0', 'Accept-Encoding': 'gzip, deflate', 'Accept': '*/*', 'Connection': 'keep-alive', 'Content-Type': 'application/json', 'Content-Length': '103'} 
 body={"first_name": "Kathie", "middle_name": "Debbie", "last_name": "Roland", "date_of_birth": "12/12/1993"} 
 </msg>
<msg timestamp="20220716 19:59:45.527" level="INFO">POST Response : url=https://thetestingworldapi.com/api/studentsDetails 
 status=201, reason=Created 
 headers={'Cache-Control': 'no-cache', 'Pragma': 'no-cache', 'Content-Type': 'application/json; charset=utf-8', 'Expires': '-1', 'Location': 'https://thetestingworldapi.com/api/studentsDetails/2678809', 'Server': 'Microsoft-IIS/8.5', 'X-AspNet-Version': '4.0.30319', 'X-Powered-By': 'ASP.NET', 'X-Powered-By-Plesk': 'PleskWin', 'Date': 'Sat, 16 Jul 2022 17:59:45 GMT', 'Content-Length': '109'} 
 body={"id":2678809,"first_name":"Kathie","middle_name":"Debbie","last_name":"Roland","date_of_birth":"12/12/1993"} 
 </msg>
<msg timestamp="20220716 19:59:45.527" level="INFO">C:\Python3.10\lib\site-packages\urllib3\connectionpool.py:997: InsecureRequestWarning: Unverified HTTPS request is being made. Adding certificate verification is strongly advised. See: https://urllib3.readthedocs.io/en/latest/advanced-usage.html#ssl-warnings
  warnings.warn(</msg>
<msg timestamp="20220716 19:59:45.530" level="INFO">${post_response} = &lt;Response [201]&gt;</msg>
<status status="PASS" starttime="20220716 19:59:43.999" endtime="20220716 19:59:45.530"/>
</kw>
<kw name="To Json" library="RequestsLibrary">
<var>${json_response}</var>
<arg>${post_response.content}</arg>
<doc>*DEPRECATED* Please use ${resp.json()} instead. Have a look at the improved HTML output as pretty printing replacement.</doc>
<msg timestamp="20220716 19:59:45.532" level="WARN">Keyword 'RequestsLibrary.To Json' is deprecated. Please use ${resp.json()} instead. Have a look at the improved HTML output as pretty printing replacement.</msg>
<msg timestamp="20220716 19:59:45.537" level="INFO">To JSON using : content={"id":2678809,"first_name":"Kathie","middle_name":"Debbie","last_name":"Roland","date_of_birth":"12/12/1993"} </msg>
<msg timestamp="20220716 19:59:45.537" level="INFO">To JSON using : pretty_print=False </msg>
<msg timestamp="20220716 19:59:45.537" level="INFO">${json_response} = {'id': 2678809, 'first_name': 'Kathie', 'middle_name': 'Debbie', 'last_name': 'Roland', 'date_of_birth': '12/12/1993'}</msg>
<status status="PASS" starttime="20220716 19:59:45.532" endtime="20220716 19:59:45.537"/>
</kw>
<kw name="Get Value From Json" library="JSONLibrary">
<var>@{id_list}</var>
<arg>${json_response}</arg>
<arg>id</arg>
<doc>Get Value From JSON using JSONPath</doc>
<msg timestamp="20220716 19:59:45.593" level="INFO">@{id_list} = [ 2678809 ]</msg>
<status status="PASS" starttime="20220716 19:59:45.539" endtime="20220716 19:59:45.593"/>
</kw>
<kw name="Log To Console" library="BuiltIn">
<arg>${id_list}</arg>
<doc>Logs the given message to the console.</doc>
<status status="PASS" starttime="20220716 19:59:45.594" endtime="20220716 19:59:45.595"/>
</kw>
<kw name="Get From List" library="Collections">
<var>${id}</var>
<arg>${id_list}</arg>
<arg>0</arg>
<doc>Returns the value specified with an ``index`` from ``list``.</doc>
<msg timestamp="20220716 19:59:45.595" level="INFO">${id} = 2678809</msg>
<status status="PASS" starttime="20220716 19:59:45.595" endtime="20220716 19:59:45.595"/>
</kw>
<kw name="Create Dictionary" library="BuiltIn">
<var>&amp;{body1}</var>
<arg>id=${id}</arg>
<arg>first_name=${update_first_name}</arg>
<arg>middle_name=Debbie</arg>
<arg>last_name=Roland</arg>
<arg>date_of_birth=12/12/1993</arg>
<doc>Creates and returns a dictionary based on the given ``items``.</doc>
<msg timestamp="20220716 19:59:45.596" level="INFO">&amp;{body1} = { id=2678809 | first_name=Angie | middle_name=Debbie | last_name=Roland | date_of_birth=12/12/1993 }</msg>
<status status="PASS" starttime="20220716 19:59:45.596" endtime="20220716 19:59:45.596"/>
</kw>
<kw name="Put Request" library="RequestsLibrary">
<var>${put_response}</var>
<arg>End to End Scenario</arg>
<arg>api/studentsDetails/${id}</arg>
<arg>headers=${header}</arg>
<arg>data=${body1}</arg>
<doc>*DEPRECATED* Please use `PUT On Session` instead.</doc>
<msg timestamp="20220716 19:59:45.598" level="WARN">Keyword 'RequestsLibrary.Put Request' is deprecated. Please use `PUT On Session` instead.</msg>
<msg timestamp="20220716 19:59:46.038" level="INFO">PUT Request : url=https://thetestingworldapi.com/api/studentsDetails/2678809 
 path_url=/api/studentsDetails/2678809 
 headers={'User-Agent': 'python-requests/2.28.0', 'Accept-Encoding': 'gzip, deflate', 'Accept': '*/*', 'Connection': 'keep-alive', 'Content-Type': 'application/json', 'Content-Length': '117'} 
 body={"id": 2678809, "first_name": "Angie", "middle_name": "Debbie", "last_name": "Roland", "date_of_birth": "12/12/1993"} 
 </msg>
<msg timestamp="20220716 19:59:46.038" level="INFO">PUT Response : url=https://thetestingworldapi.com/api/studentsDetails/2678809 
 status=200, reason=OK 
 headers={'Cache-Control': 'no-cache', 'Pragma': 'no-cache', 'Content-Type': 'application/json; charset=utf-8', 'Expires': '-1', 'Server': 'Microsoft-IIS/8.5', 'X-AspNet-Version': '4.0.30319', 'X-Powered-By': 'ASP.NET', 'X-Powered-By-Plesk': 'PleskWin', 'Date': 'Sat, 16 Jul 2022 17:59:45 GMT', 'Content-Length': '46'} 
 body={"status":"true","msg":"update  data success"} 
 </msg>
<msg timestamp="20220716 19:59:46.038" level="INFO">C:\Python3.10\lib\site-packages\urllib3\connectionpool.py:997: InsecureRequestWarning: Unverified HTTPS request is being made. Adding certificate verification is strongly advised. See: https://urllib3.readthedocs.io/en/latest/advanced-usage.html#ssl-warnings
  warnings.warn(</msg>
<msg timestamp="20220716 19:59:46.042" level="INFO">${put_response} = &lt;Response [200]&gt;</msg>
<status status="PASS" starttime="20220716 19:59:45.598" endtime="20220716 19:59:46.042"/>
</kw>
<kw name="Log To Console" library="BuiltIn">
<arg>${put_response.content}</arg>
<doc>Logs the given message to the console.</doc>
<status status="PASS" starttime="20220716 19:59:46.044" endtime="20220716 19:59:46.048"/>
</kw>
<kw name="Log To Console" library="BuiltIn">
<arg>${put_response.status_code}</arg>
<doc>Logs the given message to the console.</doc>
<status status="PASS" starttime="20220716 19:59:46.049" endtime="20220716 19:59:46.053"/>
</kw>
<kw name="Fetch Details and Validate">
<arg>${id}</arg>
<kw name="Get Request" library="RequestsLibrary">
<var>${get_request}</var>
<arg>End to End Scenario</arg>
<arg>api/studentsDetails/${id}</arg>
<doc>*DEPRECATED* Please use `GET On Session` instead.</doc>
<msg timestamp="20220716 19:59:46.056" level="WARN">Keyword 'RequestsLibrary.Get Request' is deprecated. Please use `GET On Session` instead.</msg>
<msg timestamp="20220716 19:59:46.508" level="INFO">GET Request : url=https://thetestingworldapi.com/api/studentsDetails/2678809 
 path_url=/api/studentsDetails/2678809 
 headers={'User-Agent': 'python-requests/2.28.0', 'Accept-Encoding': 'gzip, deflate', 'Accept': '*/*', 'Connection': 'keep-alive'} 
 body=None 
 </msg>
<msg timestamp="20220716 19:59:46.509" level="INFO">GET Response : url=https://thetestingworldapi.com/api/studentsDetails/2678809 
 status=200, reason=OK 
 headers={'Cache-Control': 'no-cache', 'Pragma': 'no-cache', 'Content-Type': 'application/json; charset=utf-8', 'Expires': '-1', 'Server': 'Microsoft-IIS/8.5', 'X-AspNet-Version': '4.0.30319', 'X-Powered-By': 'ASP.NET', 'X-Powered-By-Plesk': 'PleskWin', 'Date': 'Sat, 16 Jul 2022 17:59:46 GMT', 'Content-Length': '133'} 
 body={"status":"true","data":{"id":2678809,"first_name":"Angie","middle_name":"Debbie","last_name":"Roland","date_of_birth":"12/12/1993"}} 
 </msg>
<msg timestamp="20220716 19:59:46.509" level="INFO">C:\Python3.10\lib\site-packages\urllib3\connectionpool.py:997: InsecureRequestWarning: Unverified HTTPS request is being made. Adding certificate verification is strongly advised. See: https://urllib3.readthedocs.io/en/latest/advanced-usage.html#ssl-warnings
  warnings.warn(</msg>
<msg timestamp="20220716 19:59:46.512" level="INFO">${get_request} = &lt;Response [200]&gt;</msg>
<status status="PASS" starttime="20220716 19:59:46.056" endtime="20220716 19:59:46.512"/>
</kw>
<kw name="To Json" library="RequestsLibrary">
<var>${json_response}</var>
<arg>${get_request.content}</arg>
<doc>*DEPRECATED* Please use ${resp.json()} instead. Have a look at the improved HTML output as pretty printing replacement.</doc>
<msg timestamp="20220716 19:59:46.513" level="WARN">Keyword 'RequestsLibrary.To Json' is deprecated. Please use ${resp.json()} instead. Have a look at the improved HTML output as pretty printing replacement.</msg>
<msg timestamp="20220716 19:59:46.521" level="INFO">To JSON using : content={"status":"true","data":{"id":2678809,"first_name":"Angie","middle_name":"Debbie","last_name":"Roland","date_of_birth":"12/12/1993"}} </msg>
<msg timestamp="20220716 19:59:46.521" level="INFO">To JSON using : pretty_print=False </msg>
<msg timestamp="20220716 19:59:46.522" level="INFO">${json_response} = {'status': 'true', 'data': {'id': 2678809, 'first_name': 'Angie', 'middle_name': 'Debbie', 'last_name': 'Roland', 'date_of_birth': '12/12/1993'}}</msg>
<status status="PASS" starttime="20220716 19:59:46.513" endtime="20220716 19:59:46.522"/>
</kw>
<kw name="Get Value From Json" library="JSONLibrary">
<var>@{Lfirst_name}</var>
<arg>${json_response}</arg>
<arg>data.first_name</arg>
<doc>Get Value From JSON using JSONPath</doc>
<msg timestamp="20220716 19:59:46.572" level="INFO">@{Lfirst_name} = [ Angie ]</msg>
<status status="PASS" starttime="20220716 19:59:46.523" endtime="20220716 19:59:46.572"/>
</kw>
<kw name="Get From List" library="Collections">
<var>${first_name}</var>
<arg>${Lfirst_name}</arg>
<arg>0</arg>
<doc>Returns the value specified with an ``index`` from ``list``.</doc>
<msg timestamp="20220716 19:59:46.572" level="INFO">${first_name} = Angie</msg>
<status status="PASS" starttime="20220716 19:59:46.572" endtime="20220716 19:59:46.572"/>
</kw>
<kw name="Should Be Equal" library="BuiltIn">
<arg>${first_name}</arg>
<arg>${update_first_name}</arg>
<doc>Fails if the given objects are unequal.</doc>
<status status="PASS" starttime="20220716 19:59:46.572" endtime="20220716 19:59:46.573"/>
</kw>
<status status="PASS" starttime="20220716 19:59:46.054" endtime="20220716 19:59:46.574"/>
</kw>
<kw name="Delete Request" library="RequestsLibrary">
<var>${delete_response}</var>
<arg>End to End Scenario</arg>
<arg>api/studentsDetails/${id}</arg>
<doc>*DEPRECATED* Please use `DELETE On Session` instead.</doc>
<msg timestamp="20220716 19:59:46.574" level="WARN">Keyword 'RequestsLibrary.Delete Request' is deprecated. Please use `DELETE On Session` instead.</msg>
<msg timestamp="20220716 19:59:47.063" level="INFO">DELETE Request : url=https://thetestingworldapi.com/api/studentsDetails/2678809 
 path_url=/api/studentsDetails/2678809 
 headers={'User-Agent': 'python-requests/2.28.0', 'Accept-Encoding': 'gzip, deflate', 'Accept': '*/*', 'Connection': 'keep-alive', 'Content-Length': '0'} 
 body=None 
 </msg>
<msg timestamp="20220716 19:59:47.064" level="INFO">DELETE Response : url=https://thetestingworldapi.com/api/studentsDetails/2678809 
 status=200, reason=OK 
 headers={'Cache-Control': 'no-cache', 'Pragma': 'no-cache', 'Content-Type': 'application/json; charset=utf-8', 'Expires': '-1', 'Server': 'Microsoft-IIS/8.5', 'X-AspNet-Version': '4.0.30319', 'X-Powered-By': 'ASP.NET', 'X-Powered-By-Plesk': 'PleskWin', 'Date': 'Sat, 16 Jul 2022 17:59:46 GMT', 'Content-Length': '46'} 
 body={"status":"true","msg":"Delete  data success"} 
 </msg>
<msg timestamp="20220716 19:59:47.064" level="INFO">C:\Python3.10\lib\site-packages\urllib3\connectionpool.py:997: InsecureRequestWarning: Unverified HTTPS request is being made. Adding certificate verification is strongly advised. See: https://urllib3.readthedocs.io/en/latest/advanced-usage.html#ssl-warnings
  warnings.warn(</msg>
<msg timestamp="20220716 19:59:47.066" level="INFO">${delete_response} = &lt;Response [200]&gt;</msg>
<status status="PASS" starttime="20220716 19:59:46.574" endtime="20220716 19:59:47.066"/>
</kw>
<kw name="To Json" library="RequestsLibrary">
<var>${json_delete}</var>
<arg>${delete_response.content}</arg>
<doc>*DEPRECATED* Please use ${resp.json()} instead. Have a look at the improved HTML output as pretty printing replacement.</doc>
<msg timestamp="20220716 19:59:47.069" level="WARN">Keyword 'RequestsLibrary.To Json' is deprecated. Please use ${resp.json()} instead. Have a look at the improved HTML output as pretty printing replacement.</msg>
<msg timestamp="20220716 19:59:47.077" level="INFO">To JSON using : content={"status":"true","msg":"Delete  data success"} </msg>
<msg timestamp="20220716 19:59:47.077" level="INFO">To JSON using : pretty_print=False </msg>
<msg timestamp="20220716 19:59:47.077" level="INFO">${json_delete} = {'status': 'true', 'msg': 'Delete  data success'}</msg>
<status status="PASS" starttime="20220716 19:59:47.069" endtime="20220716 19:59:47.078"/>
</kw>
<kw name="Get Value From Json" library="JSONLibrary">
<var>${Message}</var>
<arg>${json_delete}</arg>
<arg>status</arg>
<doc>Get Value From JSON using JSONPath</doc>
<msg timestamp="20220716 19:59:47.134" level="INFO">${Message} = ['true']</msg>
<status status="PASS" starttime="20220716 19:59:47.080" endtime="20220716 19:59:47.135"/>
</kw>
<kw name="Get From List" library="Collections">
<var>${statusM}</var>
<arg>${Message}</arg>
<arg>0</arg>
<doc>Returns the value specified with an ``index`` from ``list``.</doc>
<msg timestamp="20220716 19:59:47.135" level="INFO">${statusM} = true</msg>
<status status="PASS" starttime="20220716 19:59:47.135" endtime="20220716 19:59:47.136"/>
</kw>
<kw name="Should Be Equal" library="BuiltIn">
<arg>${statusM}</arg>
<arg>true</arg>
<doc>Fails if the given objects are unequal.</doc>
<status status="PASS" starttime="20220716 19:59:47.136" endtime="20220716 19:59:47.137"/>
</kw>
<status status="PASS" starttime="20220716 19:59:43.993" endtime="20220716 19:59:47.137"/>
</test>
<status status="PASS" starttime="20220716 19:59:43.703" endtime="20220716 19:59:47.140"/>
</suite>
<suite id="s1-s1-s2" name="TC 007 ValidateStatusCode Keyword" source="C:\Users\Aisha\PycharmProjects\pythonProject\pythonProject\RobotAutomation\REST-APITest\EndtoEnd\TC_007_ValidateStatusCode_Keyword.robot">
<test id="s1-s1-s2-t1" name="TC_002_Fetch_student_details_by_id">
<kw name="Fetch and Validate Get Status Code" library="UserKeywordsAPI">
<arg>2678800</arg>
<arg>200</arg>
<kw name="Create Session" library="RequestsLibrary">
<arg>SessionName</arg>
<arg>${base_url}</arg>
<doc>Create Session: create a HTTP session to a server</doc>
<msg timestamp="20220716 19:59:47.168" level="INFO">Creating Session using : alias=SessionName, url=https://thetestingworldapi.com/, headers={},                     cookies={}, auth=None, timeout=None, proxies=None, verify=False,                     debug=0 </msg>
<status status="PASS" starttime="20220716 19:59:47.168" endtime="20220716 19:59:47.169"/>
</kw>
<kw name="Get Request" library="RequestsLibrary">
<var>${response}</var>
<arg>SessionName</arg>
<arg>api/studentsDetails/${stdentId}</arg>
<doc>*DEPRECATED* Please use `GET On Session` instead.</doc>
<msg timestamp="20220716 19:59:47.169" level="WARN">Keyword 'RequestsLibrary.Get Request' is deprecated. Please use `GET On Session` instead.</msg>
<msg timestamp="20220716 19:59:48.708" level="INFO">GET Request : url=https://thetestingworldapi.com/api/studentsDetails/2678800 
 path_url=/api/studentsDetails/2678800 
 headers={'User-Agent': 'python-requests/2.28.0', 'Accept-Encoding': 'gzip, deflate', 'Accept': '*/*', 'Connection': 'keep-alive'} 
 body=None 
 </msg>
<msg timestamp="20220716 19:59:48.709" level="INFO">GET Response : url=https://thetestingworldapi.com/api/studentsDetails/2678800 
 status=200, reason=OK 
 headers={'Cache-Control': 'no-cache', 'Pragma': 'no-cache', 'Content-Type': 'application/json; charset=utf-8', 'Expires': '-1', 'Server': 'Microsoft-IIS/8.5', 'X-AspNet-Version': '4.0.30319', 'X-Powered-By': 'ASP.NET', 'X-Powered-By-Plesk': 'PleskWin', 'Date': 'Sat, 16 Jul 2022 17:59:48 GMT', 'Content-Length': '132'} 
 body={"status":"true","data":{"id":2678800,"first_name":"Kevin","middle_name":"Sample","last_name":"Heart","date_of_birth":"12/12/1991"}} 
 </msg>
<msg timestamp="20220716 19:59:48.710" level="INFO">C:\Python3.10\lib\site-packages\urllib3\connectionpool.py:997: InsecureRequestWarning: Unverified HTTPS request is being made. Adding certificate verification is strongly advised. See: https://urllib3.readthedocs.io/en/latest/advanced-usage.html#ssl-warnings
  warnings.warn(</msg>
<msg timestamp="20220716 19:59:48.712" level="INFO">${response} = &lt;Response [200]&gt;</msg>
<status status="PASS" starttime="20220716 19:59:47.169" endtime="20220716 19:59:48.713"/>
</kw>
<kw name="Convert To String" library="BuiltIn">
<var>${statusCode}</var>
<arg>${response.status_code}</arg>
<doc>Converts the given item to a Unicode string.</doc>
<msg timestamp="20220716 19:59:48.717" level="INFO">${statusCode} = 200</msg>
<status status="PASS" starttime="20220716 19:59:48.713" endtime="20220716 19:59:48.718"/>
</kw>
<kw name="Should Be Equal" library="BuiltIn">
<arg>${expectedStatusCode}</arg>
<arg>${statusCode}</arg>
<doc>Fails if the given objects are unequal.</doc>
<status status="PASS" starttime="20220716 19:59:48.718" endtime="20220716 19:59:48.722"/>
</kw>
<status status="PASS" starttime="20220716 19:59:47.168" endtime="20220716 19:59:48.723"/>
</kw>
<kw name="Fetch and Return Get Response" library="UserKeywordsAPI">
<var>${response}</var>
<arg>2678800</arg>
<kw name="Create Session" library="RequestsLibrary">
<arg>SessionName</arg>
<arg>${base_url}</arg>
<doc>Create Session: create a HTTP session to a server</doc>
<msg timestamp="20220716 19:59:48.752" level="INFO">Creating Session using : alias=SessionName, url=https://thetestingworldapi.com/, headers={},                     cookies={}, auth=None, timeout=None, proxies=None, verify=False,                     debug=0 </msg>
<status status="PASS" starttime="20220716 19:59:48.751" endtime="20220716 19:59:48.753"/>
</kw>
<kw name="Get Request" library="RequestsLibrary">
<var>${response}</var>
<arg>SessionName</arg>
<arg>api/studentsDetails/${stdentId}</arg>
<doc>*DEPRECATED* Please use `GET On Session` instead.</doc>
<msg timestamp="20220716 19:59:48.754" level="WARN">Keyword 'RequestsLibrary.Get Request' is deprecated. Please use `GET On Session` instead.</msg>
<msg timestamp="20220716 19:59:50.234" level="INFO">GET Request : url=https://thetestingworldapi.com/api/studentsDetails/2678800 
 path_url=/api/studentsDetails/2678800 
 headers={'User-Agent': 'python-requests/2.28.0', 'Accept-Encoding': 'gzip, deflate', 'Accept': '*/*', 'Connection': 'keep-alive'} 
 body=None 
 </msg>
<msg timestamp="20220716 19:59:50.234" level="INFO">GET Response : url=https://thetestingworldapi.com/api/studentsDetails/2678800 
 status=200, reason=OK 
 headers={'Cache-Control': 'no-cache', 'Pragma': 'no-cache', 'Content-Type': 'application/json; charset=utf-8', 'Expires': '-1', 'Server': 'Microsoft-IIS/8.5', 'X-AspNet-Version': '4.0.30319', 'X-Powered-By': 'ASP.NET', 'X-Powered-By-Plesk': 'PleskWin', 'Date': 'Sat, 16 Jul 2022 17:59:50 GMT', 'Content-Length': '132'} 
 body={"status":"true","data":{"id":2678800,"first_name":"Kevin","middle_name":"Sample","last_name":"Heart","date_of_birth":"12/12/1991"}} 
 </msg>
<msg timestamp="20220716 19:59:50.235" level="INFO">C:\Python3.10\lib\site-packages\urllib3\connectionpool.py:997: InsecureRequestWarning: Unverified HTTPS request is being made. Adding certificate verification is strongly advised. See: https://urllib3.readthedocs.io/en/latest/advanced-usage.html#ssl-warnings
  warnings.warn(</msg>
<msg timestamp="20220716 19:59:50.235" level="INFO">${response} = &lt;Response [200]&gt;</msg>
<status status="PASS" starttime="20220716 19:59:48.753" endtime="20220716 19:59:50.235"/>
</kw>
<kw name="Convert To String" library="BuiltIn">
<var>${statusCode}</var>
<arg>${response.status_code}</arg>
<doc>Converts the given item to a Unicode string.</doc>
<msg timestamp="20220716 19:59:50.237" level="INFO">${statusCode} = 200</msg>
<status status="PASS" starttime="20220716 19:59:50.236" endtime="20220716 19:59:50.237"/>
</kw>
<msg timestamp="20220716 19:59:50.237" level="INFO">${response} = 200</msg>
<status status="PASS" starttime="20220716 19:59:48.725" endtime="20220716 19:59:50.237"/>
</kw>
<kw name="Log To Console" library="BuiltIn">
<arg>${response.content}</arg>
<doc>Logs the given message to the console.</doc>
<msg timestamp="20220716 19:59:50.239" level="FAIL">Resolving variable '${response.content}' failed: AttributeError: 'str' object has no attribute 'content'</msg>
<status status="FAIL" starttime="20220716 19:59:50.238" endtime="20220716 19:59:50.239"/>
</kw>
<status status="FAIL" starttime="20220716 19:59:47.167" endtime="20220716 19:59:50.240">Resolving variable '${response.content}' failed: AttributeError: 'str' object has no attribute 'content'</status>
</test>
<status status="FAIL" starttime="20220716 19:59:47.143" endtime="20220716 19:59:50.242"/>
</suite>
<suite id="s1-s1-s3" name="TC 008 Post ReadJson" source="C:\Users\Aisha\PycharmProjects\pythonProject\pythonProject\RobotAutomation\REST-APITest\EndtoEnd\TC_008_Post_ReadJson.robot">
<test id="s1-s1-s3-t1" name="TC_004 Create New Resource">
<kw name="Create Session" library="RequestsLibrary">
<arg>AddData</arg>
<arg>${base_url}</arg>
<doc>Create Session: create a HTTP session to a server</doc>
<msg timestamp="20220716 19:59:50.261" level="INFO">Creating Session using : alias=AddData, url=https://thetestingworldapi.com/, headers={},                     cookies={}, auth=None, timeout=None, proxies=None, verify=False,                     debug=0 </msg>
<status status="PASS" starttime="20220716 19:59:50.261" endtime="20220716 19:59:50.261"/>
</kw>
<kw name="Create Dictionary" library="BuiltIn">
<var>&amp;{header}</var>
<arg>Content-Type=application/json</arg>
<doc>Creates and returns a dictionary based on the given ``items``.</doc>
<msg timestamp="20220716 19:59:50.263" level="INFO">&amp;{header} = { Content-Type=application/json }</msg>
<status status="PASS" starttime="20220716 19:59:50.263" endtime="20220716 19:59:50.263"/>
</kw>
<kw name="Fetch Request Content" library="UserKeywordsAPI">
<var>${jsonContent}</var>
<kw name="Read Request Content" library="ReadJsonContent">
<var>${jsonBody}</var>
<msg timestamp="20220716 19:59:50.265" level="INFO">${jsonBody} = {'first_name': 'Kevin', 'middle_name': 'Sample', 'last_name': 'Heart', 'date_of_birth': '12/12/1991'}</msg>
<status status="PASS" starttime="20220716 19:59:50.264" endtime="20220716 19:59:50.265"/>
</kw>
<msg timestamp="20220716 19:59:50.265" level="INFO">${jsonContent} = {'first_name': 'Kevin', 'middle_name': 'Sample', 'last_name': 'Heart', 'date_of_birth': '12/12/1991'}</msg>
<status status="PASS" starttime="20220716 19:59:50.264" endtime="20220716 19:59:50.265"/>
</kw>
<kw name="Log To Console" library="BuiltIn">
<arg>${jsonContent}</arg>
<doc>Logs the given message to the console.</doc>
<status status="PASS" starttime="20220716 19:59:50.266" endtime="20220716 19:59:50.267"/>
</kw>
<kw name="Post Request" library="RequestsLibrary">
<var>${response}</var>
<arg>AddData</arg>
<arg>api/studentsDetails</arg>
<arg>data=${jsonContent}</arg>
<arg>headers=${header}</arg>
<doc>*DEPRECATED* Please use `POST On Session` instead.</doc>
<msg timestamp="20220716 19:59:50.267" level="WARN">Keyword 'RequestsLibrary.Post Request' is deprecated. Please use `POST On Session` instead.</msg>
<msg timestamp="20220716 19:59:51.671" level="INFO">POST Request : url=https://thetestingworldapi.com/api/studentsDetails 
 path_url=/api/studentsDetails 
 headers={'User-Agent': 'python-requests/2.28.0', 'Accept-Encoding': 'gzip, deflate', 'Accept': '*/*', 'Connection': 'keep-alive', 'Content-Type': 'application/json', 'Content-Length': '101'} 
 body={"first_name": "Kevin", "middle_name": "Sample", "last_name": "Heart", "date_of_birth": "12/12/1991"} 
 </msg>
<msg timestamp="20220716 19:59:51.671" level="INFO">POST Response : url=https://thetestingworldapi.com/api/studentsDetails 
 status=201, reason=Created 
 headers={'Cache-Control': 'no-cache', 'Pragma': 'no-cache', 'Content-Type': 'application/json; charset=utf-8', 'Expires': '-1', 'Location': 'https://thetestingworldapi.com/api/studentsDetails/2678810', 'Server': 'Microsoft-IIS/8.5', 'X-AspNet-Version': '4.0.30319', 'X-Powered-By': 'ASP.NET', 'X-Powered-By-Plesk': 'PleskWin', 'Date': 'Sat, 16 Jul 2022 17:59:51 GMT', 'Content-Length': '107'} 
 body={"id":2678810,"first_name":"Kevin","middle_name":"Sample","last_name":"Heart","date_of_birth":"12/12/1991"} 
 </msg>
<msg timestamp="20220716 19:59:51.672" level="INFO">C:\Python3.10\lib\site-packages\urllib3\connectionpool.py:997: InsecureRequestWarning: Unverified HTTPS request is being made. Adding certificate verification is strongly advised. See: https://urllib3.readthedocs.io/en/latest/advanced-usage.html#ssl-warnings
  warnings.warn(</msg>
<msg timestamp="20220716 19:59:51.674" level="INFO">${response} = &lt;Response [201]&gt;</msg>
<status status="PASS" starttime="20220716 19:59:50.267" endtime="20220716 19:59:51.674"/>
</kw>
<kw name="Log To Console" library="BuiltIn">
<arg>${response.content}</arg>
<doc>Logs the given message to the console.</doc>
<status status="PASS" starttime="20220716 19:59:51.676" endtime="20220716 19:59:51.682"/>
</kw>
<kw name="Convert To String" library="BuiltIn">
<var>${code}</var>
<arg>${response.status_code}</arg>
<doc>Converts the given item to a Unicode string.</doc>
<msg timestamp="20220716 19:59:51.691" level="INFO">${code} = 201</msg>
<status status="PASS" starttime="20220716 19:59:51.685" endtime="20220716 19:59:51.691"/>
</kw>
<kw name="Should Be Equal" library="BuiltIn">
<arg>${code}</arg>
<arg>201</arg>
<doc>Fails if the given objects are unequal.</doc>
<status status="PASS" starttime="20220716 19:59:51.692" endtime="20220716 19:59:51.694"/>
</kw>
<kw name="Log To Console" library="BuiltIn">
<arg>${response.content}</arg>
<doc>Logs the given message to the console.</doc>
<status status="PASS" starttime="20220716 19:59:51.695" endtime="20220716 19:59:51.699"/>
</kw>
<status status="PASS" starttime="20220716 19:59:50.261" endtime="20220716 19:59:51.700"/>
</test>
<status status="PASS" starttime="20220716 19:59:50.245" endtime="20220716 19:59:51.704"/>
</suite>
<status status="FAIL" starttime="20220716 19:59:43.696" endtime="20220716 19:59:51.708"/>
</suite>
<suite id="s1-s2" name="Get Delete" source="C:\Users\Aisha\PycharmProjects\pythonProject\pythonProject\RobotAutomation\REST-APITest\Get_Delete">
<suite id="s1-s2-s1" name="TC 001 Get Request" source="C:\Users\Aisha\PycharmProjects\pythonProject\pythonProject\RobotAutomation\REST-APITest\Get_Delete\TC_001_Get_Request.robot">
<test id="s1-s2-s1-t1" name="TC_001_Get_Request">
<kw name="Create Session" library="RequestsLibrary">
<arg>Get_Student_Details</arg>
<arg>${Base_URL}</arg>
<doc>Create Session: create a HTTP session to a server</doc>
<msg timestamp="20220716 19:59:51.725" level="INFO">Creating Session using : alias=Get_Student_Details, url=https://thetestingworldapi.com/, headers={},                     cookies={}, auth=None, timeout=None, proxies=None, verify=False,                     debug=0 </msg>
<status status="PASS" starttime="20220716 19:59:51.725" endtime="20220716 19:59:51.725"/>
</kw>
<kw name="Get Request" library="RequestsLibrary">
<var>${response}</var>
<arg>Get_Student_Details</arg>
<arg>api/studentsDetails</arg>
<doc>*DEPRECATED* Please use `GET On Session` instead.</doc>
<msg timestamp="20220716 19:59:51.726" level="WARN">Keyword 'RequestsLibrary.Get Request' is deprecated. Please use `GET On Session` instead.</msg>
<msg timestamp="20220716 19:59:53.453" level="INFO">GET Request : url=https://thetestingworldapi.com/api/studentsDetails 
 path_url=/api/studentsDetails 
 headers={'User-Agent': 'python-requests/2.28.0', 'Accept-Encoding': 'gzip, deflate', 'Accept': '*/*', 'Connection': 'keep-alive'} 
 body=None 
 </msg>
<msg timestamp="20220716 19:59:53.454" level="INFO">GET Response : url=https://thetestingworldapi.com/api/studentsDetails 
 status=200, reason=OK 
 headers={'Cache-Control': 'no-cache', 'Pragma': 'no-cache', 'Content-Type': 'application/json; charset=utf-8', 'Expires': '-1', 'Server': 'Microsoft-IIS/8.5', 'X-AspNet-Version': '4.0.30319', 'X-Powered-By': 'ASP.NET', 'X-Powered-By-Plesk': 'PleskWin', 'Date': 'Sat, 16 Jul 2022 17:59:53 GMT', 'Content-Length': '11627'} 
 body=[{"id":2678810,"first_name":"Kevin","middle_name":"Sample","last_name":"Heart","date_of_birth":"12/12/1991"},{"id":2678808,"first_name":"Md.","middle_name":"Umaid","last_name":"Hasan","date_of_birth":"21th May"},{"id":2678807,"first_name":"Md.","middle_name":"Umaid","last_name":"Hasan","date_of_birth":"21th May"},{"id":2678806,"first_name":"Md.","middle_name":"Umaid","last_name":"Hasan","date_of_birth":"21th May"},{"id":2678805,"first_name":"Md.","middle_name":"Umaid","last_name":"Hasan","date_of_birth":"21th May"},{"id":2678804,"first_name":"Alex","middle_name":"Dmitrievna","last_name":"Nayanzina","date_of_birth":"03-01-1986"},{"id":2678803,"first_name":"Alex","middle_name":"Dmitrievna","last_name":"Nayanzina","date_of_birth":"03-01-1986"},{"id":2678802,"first_name":"Alex","middle_name":"Dmitrievna","last_name":"Nayanzina","date_of_birth":"03-01-1986"},{"id":2678801,"first_name":"Kevin","middle_name":"Sample","last_name":"Heart","date_of_birth":"12/12/1991"},{"id":2678800,"first_name":"Kevin","middle_name":"Sample","last_name":"Heart","date_of_birth":"12/12/1991"},{"id":2678799,"first_name":"Kevin","middle_name":"Sample","last_name":"Heart","date_of_birth":"12/12/1991"},{"id":2678798,"first_name":"Kevin","middle_name":"Sample","last_name":"Heart","date_of_birth":"12/12/1991"},{"id":2678797,"first_name":"Kevin","middle_name":"Sample","last_name":"Heart","date_of_birth":"12/12/1991"},{"id":2678795,"first_name":"Suborna","middle_name":"Mustafa","last_name":"null","date_of_birth":"12/02/1960"},{"id":2678794,"first_name":"Suborna","middle_name":"Mustafa","last_name":"null","date_of_birth":"12/02/1960"},{"id":2678792,"first_name":"Mehedi","middle_name":"Hasan","last_name":"Brown","date_of_birth":"2000-12-1"},{"id":2678791,"first_name":"Barnali ","middle_name":"Adhikari ","last_name":"Badhan ","date_of_birth":"1999/03/30"},{"id":2678790,"first_name":"Barnali ","middle_name":"Adhikari ","last_name":"Badhan ","date_of_birth":"1999/03/30"},{"id":2678789,"first_name":"Suborna","middle_name":"Mustafa","last_name":"null","date_of_birth":"12/02/1960"},{"id":2678788,"first_name":"Suborna","middle_name":"Mustafa","last_name":"null","date_of_birth":"12/02/1960"},{"id":2678787,"first_name":"Suborna","middle_name":"Mustafa","last_name":"null","date_of_birth":"12/02/1960"},{"id":2678785,"first_name":"Redwan","middle_name":"Adrian","last_name":"Anik","date_of_birth":"Feb 5 1996"},{"id":2678783,"first_name":"rumi 1 ","middle_name":"rumi 2 ","last_name":"rumi 3 ","date_of_birth":"8-05-1994 "},{"id":2678782,"first_name":"Md.","middle_name":"Sakib","last_name":"Shahriar","date_of_birth":"07/23/1999"},{"id":2678781,"first_name":"Manoj","middle_name":"Kumar2","last_name":"Ganapathi24","date_of_birth":"23-05-1987"},{"id":2678778,"first_name":"testing","middle_name":"sambasiva","last_name":"reddy","date_of_birth":"09-05-2000"},{"id":2678777,"first_name":"Angie","middle_name":"Debbie","last_name":"Roland","date_of_birth":"12/12/1993"},{"id":2678776,"first_name":"testing","middle_name":"sambasiva","last_name":"reddy","date_of_birth":"09-05-1983"},{"id":2678775,"first_name":"Manoj","middle_name":"Kumar2","last_name":"Ganapathi24","date_of_birth":"23-05-1987"},{"id":2678773,"first_name":"Manoj","middle_name":"Kumar","last_name":"Ganapathi","date_of_birth":"20-01-1985"},{"id":2678772,"first_name":"testing","middle_name":"sambasiva","last_name":"reddy","date_of_birth":"09-05-1983"},{"id":2678771,"first_name":"testing","middle_name":"sambasiva","last_name":"reddy","date_of_birth":"09-05-1983"},{"id":2678770,"first_name":"testing","middle_name":"sambasiva","last_name":"reddy","date_of_birth":"09-05-1983"},{"id":2678769,"first_name":"testing","middle_name":"sambasiva","last_name":"reddy","date_of_birth":"09-05-1983"},{"id":2678768,"first_name":"Manoj","middle_name":"Kumar","last_name":"Ganapathi","date_of_birth":"20-01-1985"},{"id":2678766,"first_name":"Angie","middle_name":"Debbie","last_name":"Roland","date_of_birth":"12/12/1993"},{"id":2678765,"first_name":"Angie","middle_name":"Debbie","last_name":"Roland","date_of_birth":"12/12/1993"},{"id":2678760,"first_name":"sample string 2","middle_name":"sample string 3","last_name":"sample string 4","date_of_birth":"sample string 5"},{"id":2678758,"first_name":"sample string 2","middle_name":"sample string 3","last_name":"sample string 4","date_of_birth":"sample string 5"},{"id":2678757,"first_name":"sample string 2","middle_name":"sample string 3","last_name":"sample string 4","date_of_birth":"sample string 5"},{"id":2678756,"first_name":"sample string 2","middle_name":"sample string 3","last_name":"sample string 4","date_of_birth":"sample string 5"},{"id":2678755,"first_name":"sample string 2","middle_name":"sample string 3","last_name":"sample string 4","date_of_birth":"sample string 5"},{"id":2678754,"first_name":"sample string 2","middle_name":"sample string 3","last_name":"sample string 4","date_of_birth":"sample string 5"},{"id":2678753,"first_name":"testing","middle_name":"sambasiva","last_name":"reddy","date_of_birth":"09-05-1983"},{"id":2678752,"first_name":"testing","middle_name":"sambasiva","last_name":"reddy","date_of_birth":"09-05-2000"},{"id":2678751,"first_name":"testing","middle_name":"sambasiva","last_name":"reddy","date_of_birth":"09-05-1983"},{"id":2678750,"first_name":"testing","middle_name":"sambasiva","last_name":"reddy","date_of_birth":"09-05-1983"},{"id":2678749,"first_name":"sample string 2","middle_name":"sample string 3","last_name":"sample string 4","date_of_birth":"sample string 5"},{"id":2678747,"first_name":"sample string 2","middle_name":"sample string 3","last_name":"sample string 4","date_of_birth":"sample string 5"},{"id":2678746,"first_name":"sample string 2","middle_name":"sample string 3","last_name":"sample string 4","date_of_birth":"sample string 5"},{"id":2678745,"first_name":"sample string 2","middle_name":"sample string 3","last_name":"sample string 4","date_of_birth":"sample string 5"},{"id":2678740,"first_name":null,"middle_name":null,"last_name":null,"date_of_birth":"23-05-1986"},{"id":2678739,"first_name":"Manoj","middle_name":"Kumar","last_name":"Ganapathi","date_of_birth":"23-03-1985"},{"id":2678738,"first_name":"Manoj","middle_name":"Kumar","last_name":"Ganapathi","date_of_birth":"23-02-1985"},{"id":2678737,"first_name":"Manoj","middle_name":"Kumar","last_name":"Ganapathi","date_of_birth":"23-01-1985"},{"id":2678735,"first_name":"Manoj","middle_name":"Kumar","last_name":"Ganapathi","date_of_birth":"23-04-1985"},{"id":2678734,"first_name":"sample string 2","middle_name":"sample string 3","last_name":"sample string 4","date_of_birth":"sample string 5"},{"id":2678732,"first_name":"sample string 2","middle_name":"sample string 3","last_name":"sample string 4","date_of_birth":"sample string 5"},{"id":2678729,"first_name":"sample string 2","middle_name":"sample string 3","last_name":"sample string 4","date_of_birth":"sample string 5"},{"id":2678728,"first_name":"sample string 2","middle_name":"sample string 3","last_name":"sample string 4","date_of_birth":"sample string 5"},{"id":2678725,"first_name":"sample string 2","middle_name":"sample string 3","last_name":"sample string 4","date_of_birth":"sample string 5"},{"id":2678724,"first_name":"sample ","middle_name":"sample ","last_name":"sample ","date_of_birth":"sample "},{"id":2678722,"first_name":"sample ","middle_name":"sample ","last_name":"sample ","date_of_birth":"sample "},{"id":2678721,"first_name":"sample string 2","middle_name":"sample string 3","last_name":"sample string 4","date_of_birth":"sample string 5"},{"id":2678720,"first_name":"Abhishek","middle_name":"Singh","last_name":"Rajawat","date_of_birth":"12/05/1998"},{"id":2678719,"first_name":"Abhishek","middle_name":"Singh","last_name":"Rajawat","date_of_birth":"12/05/1998"},{"id":2678718,"first_name":"sample string 2","middle_name":"sample string 3","last_name":"sample string 4","date_of_birth":"sample string 5"},{"id":2678717,"first_name":"sample string 2","middle_name":"sample string 3","last_name":"sample string 4","date_of_birth":"sample string 5"},{"id":2678716,"first_name":"sample ","middle_name":"sample ","last_name":"sample ","date_of_birth":"sample "},{"id":2678715,"first_name":"sample string 2","middle_name":"sample string 3","last_name":"sample string 4","date_of_birth":"sample string 5"},{"id":2678711,"first_name":"sample ","middle_name":"sample ","last_name":"sample ","date_of_birth":"sample "},{"id":2678710,"first_name":"sample ","middle_name":"sample ","last_name":"sample ","date_of_birth":"sample "},{"id":2678709,"first_name":"sample ","middle_name":"sample ","last_name":"sample ","date_of_birth":"sample "},{"id":2678708,"first_name":"sample ","middle_name":"sample ","last_name":"sample ","date_of_birth":"sample "},{"id":2678707,"first_name":"sample ","middle_name":"sample ","last_name":"sample ","date_of_birth":"sample "},{"id":2678706,"first_name":"sample ","middle_name":"sample ","last_name":"sample ","date_of_birth":"sample "},{"id":2678705,"first_name":"sample string 2","middle_name":"sample string 3","last_name":"sample string 4","date_of_birth":"sample string 5"},{"id":2678704,"first_name":"sample ","middle_name":"sample ","last_name":"sample ","date_of_birth":"sample "},{"id":2678703,"first_name":"sample ","middle_name":"sample ","last_name":"sample ","date_of_birth":"sample "},{"id":2678702,"first_name":"sample ","middle_name":"sample ","last_name":"sample ","date_of_birth":"sample "},{"id":2678691,"first_name":"sample ","middle_name":"sample ","last_name":"sample ","date_of_birth":"sample "},{"id":2678680,"first_name":"mehedi","middle_name":"hasan","last_name":"brown","date_of_birth":"1999-22-1"},{"id":2678677,"first_name":"sample ","middle_name":"sample ","last_name":"sample ","date_of_birth":"sample "},{"id":2678676,"first_name":"mehedi","middle_name":"hasan","last_name":"brown","date_of_birth":"1999-22-1"},{"id":2678671,"first_name":"Mehedi","middle_name":"Hasan","last_name":"Brown","date_of_birth":"2000-12-1"},{"... (set the log level to DEBUG or TRACE to see the full content) 
 </msg>
<msg timestamp="20220716 19:59:53.455" level="INFO">C:\Python3.10\lib\site-packages\urllib3\connectionpool.py:997: InsecureRequestWarning: Unverified HTTPS request is being made. Adding certificate verification is strongly advised. See: https://urllib3.readthedocs.io/en/latest/advanced-usage.html#ssl-warnings
  warnings.warn(</msg>
<msg timestamp="20220716 19:59:53.458" level="INFO">${response} = &lt;Response [200]&gt;</msg>
<status status="PASS" starttime="20220716 19:59:51.726" endtime="20220716 19:59:53.458"/>
</kw>
<kw name="Log To Console" library="BuiltIn">
<arg>${response.status_code}</arg>
<doc>Logs the given message to the console.</doc>
<status status="PASS" starttime="20220716 19:59:53.460" endtime="20220716 19:59:53.465"/>
</kw>
<kw name="Log To Console" library="BuiltIn">
<arg>${response.content}</arg>
<doc>Logs the given message to the console.</doc>
<status status="PASS" starttime="20220716 19:59:53.468" endtime="20220716 19:59:53.488"/>
</kw>
<status status="PASS" starttime="20220716 19:59:51.724" endtime="20220716 19:59:53.489"/>
</test>
<status status="PASS" starttime="20220716 19:59:51.717" endtime="20220716 19:59:53.491"/>
</suite>
<suite id="s1-s2-s2" name="TC 002 Get Request" source="C:\Users\Aisha\PycharmProjects\pythonProject\pythonProject\RobotAutomation\REST-APITest\Get_Delete\TC_002_Get_Request.robot">
<test id="s1-s2-s2-t1" name="TC_002_Fetch_student_details_by_id">
<kw name="Create Session" library="RequestsLibrary">
<arg>FetchData</arg>
<arg>${App_Base_URL}</arg>
<doc>Create Session: create a HTTP session to a server</doc>
<msg timestamp="20220716 19:59:53.505" level="INFO">Creating Session using : alias=FetchData, url=https://thetestingworldapi.com/, headers={},                     cookies={}, auth=None, timeout=None, proxies=None, verify=False,                     debug=0 </msg>
<status status="PASS" starttime="20220716 19:59:53.505" endtime="20220716 19:59:53.505"/>
</kw>
<kw name="Get Request" library="RequestsLibrary">
<var>${Response}</var>
<arg>FetchData</arg>
<arg>api/studentsDetails/${StudentID}</arg>
<doc>*DEPRECATED* Please use `GET On Session` instead.</doc>
<msg timestamp="20220716 19:59:53.506" level="WARN">Keyword 'RequestsLibrary.Get Request' is deprecated. Please use `GET On Session` instead.</msg>
<msg timestamp="20220716 19:59:54.965" level="INFO">GET Request : url=https://thetestingworldapi.com/api/studentsDetails/28 
 path_url=/api/studentsDetails/28 
 headers={'User-Agent': 'python-requests/2.28.0', 'Accept-Encoding': 'gzip, deflate', 'Accept': '*/*', 'Connection': 'keep-alive'} 
 body=None 
 </msg>
<msg timestamp="20220716 19:59:54.967" level="INFO">GET Response : url=https://thetestingworldapi.com/api/studentsDetails/28 
 status=200, reason=OK 
 headers={'Cache-Control': 'no-cache', 'Pragma': 'no-cache', 'Content-Type': 'application/json; charset=utf-8', 'Expires': '-1', 'Server': 'Microsoft-IIS/8.5', 'X-AspNet-Version': '4.0.30319', 'X-Powered-By': 'ASP.NET', 'X-Powered-By-Plesk': 'PleskWin', 'Date': 'Sat, 16 Jul 2022 17:59:54 GMT', 'Content-Length': '40'} 
 body={"status":"false","msg":"No data Found"} 
 </msg>
<msg timestamp="20220716 19:59:54.967" level="INFO">C:\Python3.10\lib\site-packages\urllib3\connectionpool.py:997: InsecureRequestWarning: Unverified HTTPS request is being made. Adding certificate verification is strongly advised. See: https://urllib3.readthedocs.io/en/latest/advanced-usage.html#ssl-warnings
  warnings.warn(</msg>
<msg timestamp="20220716 19:59:54.969" level="INFO">${Response} = &lt;Response [200]&gt;</msg>
<status status="PASS" starttime="20220716 19:59:53.506" endtime="20220716 19:59:54.970"/>
</kw>
<kw name="Convert To String" library="BuiltIn">
<var>${actual_code}</var>
<arg>${Response.status_code}</arg>
<doc>Converts the given item to a Unicode string.</doc>
<msg timestamp="20220716 19:59:54.976" level="INFO">${actual_code} = 200</msg>
<status status="PASS" starttime="20220716 19:59:54.972" endtime="20220716 19:59:54.976"/>
</kw>
<kw name="Should Be Equal" library="BuiltIn">
<arg>${actual_code}</arg>
<arg>200</arg>
<doc>Fails if the given objects are unequal.</doc>
<status status="PASS" starttime="20220716 19:59:54.977" endtime="20220716 19:59:54.979"/>
</kw>
<kw name="To Json" library="RequestsLibrary">
<var>${json_res}</var>
<arg>${Response.content}</arg>
<doc>*DEPRECATED* Please use ${resp.json()} instead. Have a look at the improved HTML output as pretty printing replacement.</doc>
<msg timestamp="20220716 19:59:54.983" level="WARN">Keyword 'RequestsLibrary.To Json' is deprecated. Please use ${resp.json()} instead. Have a look at the improved HTML output as pretty printing replacement.</msg>
<msg timestamp="20220716 19:59:54.993" level="INFO">To JSON using : content={"status":"false","msg":"No data Found"} </msg>
<msg timestamp="20220716 19:59:54.993" level="INFO">To JSON using : pretty_print=False </msg>
<msg timestamp="20220716 19:59:54.994" level="INFO">${json_res} = {'status': 'false', 'msg': 'No data Found'}</msg>
<status status="PASS" starttime="20220716 19:59:54.982" endtime="20220716 19:59:54.994"/>
</kw>
<kw name="Get Value From Json" library="JSONLibrary">
<var>@{first_name_list}</var>
<arg>${json_res}</arg>
<arg>data.first_name</arg>
<doc>Get Value From JSON using JSONPath</doc>
<msg timestamp="20220716 19:59:55.043" level="INFO">@{first_name_list} = [ ]</msg>
<status status="PASS" starttime="20220716 19:59:54.996" endtime="20220716 19:59:55.043"/>
</kw>
<kw name="Get From List" library="Collections">
<var>${first_name}</var>
<arg>${first_name_list}</arg>
<arg>0</arg>
<doc>Returns the value specified with an ``index`` from ``list``.</doc>
<msg timestamp="20220716 19:59:55.045" level="FAIL">IndexError: Given index 0 is out of the range 0--1.</msg>
<status status="FAIL" starttime="20220716 19:59:55.044" endtime="20220716 19:59:55.045"/>
</kw>
<kw name="Log To Console" library="BuiltIn">
<arg>${first_name}</arg>
<doc>Logs the given message to the console.</doc>
<status status="NOT RUN" starttime="20220716 19:59:55.046" endtime="20220716 19:59:55.046"/>
</kw>
<kw name="Should Be Equal" library="BuiltIn">
<arg>${first_name}</arg>
<arg>Test Student</arg>
<doc>Fails if the given objects are unequal.</doc>
<status status="NOT RUN" starttime="20220716 19:59:55.047" endtime="20220716 19:59:55.047"/>
</kw>
<kw name="Get Value From Json" library="JSONLibrary">
<var>@{last_name_list}</var>
<arg>${json_res}</arg>
<arg>data.last_name</arg>
<doc>Get Value From JSON using JSONPath</doc>
<status status="NOT RUN" starttime="20220716 19:59:55.047" endtime="20220716 19:59:55.048"/>
</kw>
<kw name="Get From List" library="Collections">
<var>${last_name}</var>
<arg>${last_name_list}</arg>
<arg>0</arg>
<doc>Returns the value specified with an ``index`` from ``list``.</doc>
<status status="NOT RUN" starttime="20220716 19:59:55.048" endtime="20220716 19:59:55.049"/>
</kw>
<kw name="Log To Console" library="BuiltIn">
<arg>${last_name}</arg>
<doc>Logs the given message to the console.</doc>
<status status="NOT RUN" starttime="20220716 19:59:55.050" endtime="20220716 19:59:55.050"/>
</kw>
<kw name="Should Be Equal" library="BuiltIn">
<arg>${last_name}</arg>
<arg>Automation</arg>
<doc>Fails if the given objects are unequal.</doc>
<status status="NOT RUN" starttime="20220716 19:59:55.051" endtime="20220716 19:59:55.051"/>
</kw>
<status status="FAIL" starttime="20220716 19:59:53.504" endtime="20220716 19:59:55.052">IndexError: Given index 0 is out of the range 0--1.</status>
</test>
<status status="FAIL" starttime="20220716 19:59:53.493" endtime="20220716 19:59:55.054"/>
</suite>
<suite id="s1-s2-s3" name="TC 002 Get With Param" source="C:\Users\Aisha\PycharmProjects\pythonProject\pythonProject\RobotAutomation\REST-APITest\Get_Delete\TC_002_Get_With_Param.robot">
<test id="s1-s2-s3-t1" name="TC_002 Validate Get Request with Parameters">
<kw name="Create Session" library="RequestsLibrary">
<arg>Get_Param</arg>
<arg>${base_url}</arg>
<doc>Create Session: create a HTTP session to a server</doc>
<msg timestamp="20220716 19:59:55.066" level="INFO">Creating Session using : alias=Get_Param, url=https://reqres.in, headers={},                     cookies={}, auth=None, timeout=None, proxies=None, verify=False,                     debug=0 </msg>
<status status="PASS" starttime="20220716 19:59:55.066" endtime="20220716 19:59:55.066"/>
</kw>
<kw name="Create Dictionary" library="BuiltIn">
<var>&amp;{param}</var>
<arg>page=2</arg>
<doc>Creates and returns a dictionary based on the given ``items``.</doc>
<msg timestamp="20220716 19:59:55.067" level="INFO">&amp;{param} = { page=2 }</msg>
<status status="PASS" starttime="20220716 19:59:55.067" endtime="20220716 19:59:55.067"/>
</kw>
<kw name="GET On Session" library="RequestsLibrary">
<var>${response}</var>
<arg>Get_Param</arg>
<arg>/api/users</arg>
<arg>params=${param}</arg>
<doc>Sends a GET request on a previously created HTTP Session.</doc>
<msg timestamp="20220716 19:59:55.850" level="INFO">GET Request : url=https://reqres.in/api/users?page=2 
 path_url=/api/users?page=2 
 headers={'User-Agent': 'python-requests/2.28.0', 'Accept-Encoding': 'gzip, deflate', 'Accept': '*/*', 'Connection': 'keep-alive'} 
 body=None 
 </msg>
<msg timestamp="20220716 19:59:55.851" level="INFO">GET Response : url=https://reqres.in/api/users?page=2 
 status=200, reason=OK 
 headers={'Date': 'Sat, 16 Jul 2022 17:59:56 GMT', 'Content-Type': 'application/json; charset=utf-8', 'Transfer-Encoding': 'chunked', 'Connection': 'keep-alive', 'X-Powered-By': 'Express', 'Access-Control-Allow-Origin': '*', 'Etag': 'W/"406-ut0vzoCuidvyMf8arZpMpJ6ZRDw"', 'Via': '1.1 vegur', 'Cache-Control': 'max-age=14400', 'CF-Cache-Status': 'REVALIDATED', 'Expect-CT': 'max-age=604800, report-uri="https://report-uri.cloudflare.com/cdn-cgi/beacon/expect-ct"', 'Report-To': '{"endpoints":[{"url":"https:\\/\\/a.nel.cloudflare.com\\/report\\/v3?s=AkrTrlEQb%2BEqipDTEElcAdEZqjXIV4BCC7hJmJO1k2QYj8alM2qoT3g0yaACMV8p1JNVaKh24WYqv1n76Z4VNu7PGghgNF7ar5FhEDWQn7Fkkuw5RLgwVKKytg%3D%3D"}],"group":"cf-nel","max_age":604800}', 'NEL': '{"success_fraction":0,"report_to":"cf-nel","max_age":604800}', 'Vary': 'Accept-Encoding', 'Server': 'cloudflare', 'CF-RAY': '72bca26e7bf99cd9-JNB', 'Content-Encoding': 'gzip'} 
 body={"page":2,"per_page":6,"total":12,"total_pages":2,"data":[{"id":7,"email":"michael.lawson@reqres.in","first_name":"Michael","last_name":"Lawson","avatar":"https://reqres.in/img/faces/7-image.jpg"},{"id":8,"email":"lindsay.ferguson@reqres.in","first_name":"Lindsay","last_name":"Ferguson","avatar":"https://reqres.in/img/faces/8-image.jpg"},{"id":9,"email":"tobias.funke@reqres.in","first_name":"Tobias","last_name":"Funke","avatar":"https://reqres.in/img/faces/9-image.jpg"},{"id":10,"email":"byron.fields@reqres.in","first_name":"Byron","last_name":"Fields","avatar":"https://reqres.in/img/faces/10-image.jpg"},{"id":11,"email":"george.edwards@reqres.in","first_name":"George","last_name":"Edwards","avatar":"https://reqres.in/img/faces/11-image.jpg"},{"id":12,"email":"rachel.howell@reqres.in","first_name":"Rachel","last_name":"Howell","avatar":"https://reqres.in/img/faces/12-image.jpg"}],"support":{"url":"https://reqres.in/#support-heading","text":"To keep ReqRes free, contributions towards server costs are appreciated!"}} 
 </msg>
<msg timestamp="20220716 19:59:55.851" level="INFO">C:\Python3.10\lib\site-packages\urllib3\connectionpool.py:997: InsecureRequestWarning: Unverified HTTPS request is being made. Adding certificate verification is strongly advised. See: https://urllib3.readthedocs.io/en/latest/advanced-usage.html#ssl-warnings
  warnings.warn(</msg>
<msg timestamp="20220716 19:59:55.854" level="INFO">${response} = &lt;Response [200]&gt;</msg>
<status status="PASS" starttime="20220716 19:59:55.068" endtime="20220716 19:59:55.854"/>
</kw>
<kw name="Convert To String" library="BuiltIn">
<var>${statuscode}</var>
<arg>${response.status_code}</arg>
<doc>Converts the given item to a Unicode string.</doc>
<msg timestamp="20220716 19:59:55.861" level="INFO">${statuscode} = 200</msg>
<status status="PASS" starttime="20220716 19:59:55.856" endtime="20220716 19:59:55.861"/>
</kw>
<kw name="Should Be Equal" library="BuiltIn">
<arg>${statuscode}</arg>
<arg>200</arg>
<doc>Fails if the given objects are unequal.</doc>
<status status="PASS" starttime="20220716 19:59:55.863" endtime="20220716 19:59:55.867"/>
</kw>
<kw name="To Json" library="RequestsLibrary">
<var>${jsonresponse}</var>
<arg>${response.content}</arg>
<doc>*DEPRECATED* Please use ${resp.json()} instead. Have a look at the improved HTML output as pretty printing replacement.</doc>
<msg timestamp="20220716 19:59:55.869" level="WARN">Keyword 'RequestsLibrary.To Json' is deprecated. Please use ${resp.json()} instead. Have a look at the improved HTML output as pretty printing replacement.</msg>
<msg timestamp="20220716 19:59:55.874" level="INFO">To JSON using : content={"page":2,"per_page":6,"total":12,"total_pages":2,"data":[{"id":7,"email":"michael.lawson@reqres.in","first_name":"Michael","last_name":"Lawson","avatar":"https://reqres.in/img/faces/7-image.jpg"},{"id":8,"email":"lindsay.ferguson@reqres.in","first_name":"Lindsay","last_name":"Ferguson","avatar":"https://reqres.in/img/faces/8-image.jpg"},{"id":9,"email":"tobias.funke@reqres.in","first_name":"Tobias","last_name":"Funke","avatar":"https://reqres.in/img/faces/9-image.jpg"},{"id":10,"email":"byron.fields@reqres.in","first_name":"Byron","last_name":"Fields","avatar":"https://reqres.in/img/faces/10-image.jpg"},{"id":11,"email":"george.edwards@reqres.in","first_name":"George","last_name":"Edwards","avatar":"https://reqres.in/img/faces/11-image.jpg"},{"id":12,"email":"rachel.howell@reqres.in","first_name":"Rachel","last_name":"Howell","avatar":"https://reqres.in/img/faces/12-image.jpg"}],"support":{"url":"https://reqres.in/#support-heading","text":"To keep ReqRes free, contributions towards server costs are appreciated!"}} </msg>
<msg timestamp="20220716 19:59:55.874" level="INFO">To JSON using : pretty_print=False </msg>
<msg timestamp="20220716 19:59:55.875" level="INFO">${jsonresponse} = {'page': 2, 'per_page': 6, 'total': 12, 'total_pages': 2, 'data': [{'id': 7, 'email': 'michael.lawson@reqres.in', 'first_name': 'Michael', 'last_name': 'Lawson', 'avatar': 'https://reqres.in/img/faces...</msg>
<status status="PASS" starttime="20220716 19:59:55.869" endtime="20220716 19:59:55.875"/>
</kw>
<kw name="Get Value From Json" library="JSONLibrary">
<var>@{name_list}</var>
<arg>${jsonresponse}</arg>
<arg>data[0].first_name</arg>
<doc>Get Value From JSON using JSONPath</doc>
<msg timestamp="20220716 19:59:55.911" level="INFO">@{name_list} = [ Michael ]</msg>
<status status="PASS" starttime="20220716 19:59:55.876" endtime="20220716 19:59:55.911"/>
</kw>
<kw name="Get From List" library="Collections">
<var>${name}</var>
<arg>${name_list}</arg>
<arg>0</arg>
<doc>Returns the value specified with an ``index`` from ``list``.</doc>
<msg timestamp="20220716 19:59:55.912" level="INFO">${name} = Michael</msg>
<status status="PASS" starttime="20220716 19:59:55.912" endtime="20220716 19:59:55.912"/>
</kw>
<kw name="Should Be Equal" library="BuiltIn">
<arg>${name}</arg>
<arg>Michael</arg>
<doc>Fails if the given objects are unequal.</doc>
<status status="PASS" starttime="20220716 19:59:55.914" endtime="20220716 19:59:55.915"/>
</kw>
<status status="PASS" starttime="20220716 19:59:55.064" endtime="20220716 19:59:55.916"/>
</test>
<status status="PASS" starttime="20220716 19:59:55.056" endtime="20220716 19:59:55.917"/>
</suite>
<suite id="s1-s2-s4" name="TC 003 DeleteRequest" source="C:\Users\Aisha\PycharmProjects\pythonProject\pythonProject\RobotAutomation\REST-APITest\Get_Delete\TC_003_DeleteRequest.robot">
<test id="s1-s2-s4-t1" name="TC_003 Validate Delete Request">
<kw name="Create Session" library="RequestsLibrary">
<arg>AppAccess</arg>
<arg>${base_url}</arg>
<doc>Create Session: create a HTTP session to a server</doc>
<msg timestamp="20220716 19:59:55.929" level="INFO">Creating Session using : alias=AppAccess, url=https://thetestingworldapi.com/, headers={},                     cookies={}, auth=None, timeout=None, proxies=None, verify=False,                     debug=0 </msg>
<status status="PASS" starttime="20220716 19:59:55.929" endtime="20220716 19:59:55.930"/>
</kw>
<kw name="Delete Request" library="RequestsLibrary">
<var>${response}</var>
<arg>AppAccess</arg>
<arg>api/studentsDetails/32</arg>
<doc>*DEPRECATED* Please use `DELETE On Session` instead.</doc>
<msg timestamp="20220716 19:59:55.931" level="WARN">Keyword 'RequestsLibrary.Delete Request' is deprecated. Please use `DELETE On Session` instead.</msg>
<msg timestamp="20220716 19:59:57.314" level="INFO">DELETE Request : url=https://thetestingworldapi.com/api/studentsDetails/32 
 path_url=/api/studentsDetails/32 
 headers={'User-Agent': 'python-requests/2.28.0', 'Accept-Encoding': 'gzip, deflate', 'Accept': '*/*', 'Connection': 'keep-alive', 'Content-Length': '0'} 
 body=None 
 </msg>
<msg timestamp="20220716 19:59:57.315" level="INFO">DELETE Response : url=https://thetestingworldapi.com/api/studentsDetails/32 
 status=200, reason=OK 
 headers={'Cache-Control': 'no-cache', 'Pragma': 'no-cache', 'Content-Type': 'application/json; charset=utf-8', 'Expires': '-1', 'Server': 'Microsoft-IIS/8.5', 'X-AspNet-Version': '4.0.30319', 'X-Powered-By': 'ASP.NET', 'X-Powered-By-Plesk': 'PleskWin', 'Date': 'Sat, 16 Jul 2022 17:59:56 GMT', 'Content-Length': '43'} 
 body={"status":"false","msg":"record not found"} 
 </msg>
<msg timestamp="20220716 19:59:57.315" level="INFO">C:\Python3.10\lib\site-packages\urllib3\connectionpool.py:997: InsecureRequestWarning: Unverified HTTPS request is being made. Adding certificate verification is strongly advised. See: https://urllib3.readthedocs.io/en/latest/advanced-usage.html#ssl-warnings
  warnings.warn(</msg>
<msg timestamp="20220716 19:59:57.318" level="INFO">${response} = &lt;Response [200]&gt;</msg>
<status status="PASS" starttime="20220716 19:59:55.931" endtime="20220716 19:59:57.318"/>
</kw>
<kw name="Convert To String" library="BuiltIn">
<var>${code}</var>
<arg>${response.status_code}</arg>
<doc>Converts the given item to a Unicode string.</doc>
<msg timestamp="20220716 19:59:57.329" level="INFO">${code} = 200</msg>
<status status="PASS" starttime="20220716 19:59:57.321" endtime="20220716 19:59:57.329"/>
</kw>
<kw name="Should Be Equal" library="BuiltIn">
<arg>${code}</arg>
<arg>200</arg>
<doc>Fails if the given objects are unequal.</doc>
<status status="PASS" starttime="20220716 19:59:57.331" endtime="20220716 19:59:57.333"/>
</kw>
<kw name="To Json" library="RequestsLibrary">
<var>${jsonresponse}</var>
<arg>${response.content}</arg>
<doc>*DEPRECATED* Please use ${resp.json()} instead. Have a look at the improved HTML output as pretty printing replacement.</doc>
<msg timestamp="20220716 19:59:57.334" level="WARN">Keyword 'RequestsLibrary.To Json' is deprecated. Please use ${resp.json()} instead. Have a look at the improved HTML output as pretty printing replacement.</msg>
<msg timestamp="20220716 19:59:57.337" level="INFO">To JSON using : content={"status":"false","msg":"record not found"} </msg>
<msg timestamp="20220716 19:59:57.337" level="INFO">To JSON using : pretty_print=False </msg>
<msg timestamp="20220716 19:59:57.338" level="INFO">${jsonresponse} = {'status': 'false', 'msg': 'record not found'}</msg>
<status status="PASS" starttime="20220716 19:59:57.334" endtime="20220716 19:59:57.338"/>
</kw>
<kw name="Get Value From Json" library="JSONLibrary">
<var>@{status_list}</var>
<arg>${jsonresponse}</arg>
<arg>status</arg>
<doc>Get Value From JSON using JSONPath</doc>
<msg timestamp="20220716 19:59:57.409" level="INFO">@{status_list} = [ false ]</msg>
<status status="PASS" starttime="20220716 19:59:57.339" endtime="20220716 19:59:57.409"/>
</kw>
<kw name="Get From List" library="Collections">
<var>${status}</var>
<arg>${status_list}</arg>
<arg>0</arg>
<doc>Returns the value specified with an ``index`` from ``list``.</doc>
<msg timestamp="20220716 19:59:57.410" level="INFO">${status} = false</msg>
<status status="PASS" starttime="20220716 19:59:57.410" endtime="20220716 19:59:57.410"/>
</kw>
<kw name="Should Be Equal" library="BuiltIn">
<arg>${status}</arg>
<arg>false</arg>
<doc>Fails if the given objects are unequal.</doc>
<status status="PASS" starttime="20220716 19:59:57.411" endtime="20220716 19:59:57.411"/>
</kw>
<status status="PASS" starttime="20220716 19:59:55.927" endtime="20220716 19:59:57.412"/>
</test>
<status status="PASS" starttime="20220716 19:59:55.920" endtime="20220716 19:59:57.414"/>
</suite>
<status status="FAIL" starttime="20220716 19:59:51.712" endtime="20220716 19:59:57.417"/>
</suite>
<suite id="s1-s3" name="Put Post" source="C:\Users\Aisha\PycharmProjects\pythonProject\pythonProject\RobotAutomation\REST-APITest\Put_Post">
<suite id="s1-s3-s1" name="TC 004 PostRequest" source="C:\Users\Aisha\PycharmProjects\pythonProject\pythonProject\RobotAutomation\REST-APITest\Put_Post\TC_004_PostRequest.robot">
<test id="s1-s3-s1-t1" name="TC_004 Create New Resource">
<kw name="Create Session" library="RequestsLibrary">
<arg>AddData</arg>
<arg>${base_url}</arg>
<doc>Create Session: create a HTTP session to a server</doc>
<msg timestamp="20220716 19:59:57.434" level="INFO">Creating Session using : alias=AddData, url=https://thetestingworldapi.com/, headers={},                     cookies={}, auth=None, timeout=None, proxies=None, verify=False,                     debug=0 </msg>
<status status="PASS" starttime="20220716 19:59:57.434" endtime="20220716 19:59:57.435"/>
</kw>
<kw name="Create Dictionary" library="BuiltIn">
<var>&amp;{body}</var>
<arg>first_name=Plane</arg>
<arg>middle_name=Jane</arg>
<arg>last_name=July</arg>
<arg>date_of_birth=12/12/1991</arg>
<doc>Creates and returns a dictionary based on the given ``items``.</doc>
<msg timestamp="20220716 19:59:57.436" level="INFO">&amp;{body} = { first_name=Plane | middle_name=Jane | last_name=July | date_of_birth=12/12/1991 }</msg>
<status status="PASS" starttime="20220716 19:59:57.435" endtime="20220716 19:59:57.437"/>
</kw>
<kw name="Create Dictionary" library="BuiltIn">
<var>&amp;{header}</var>
<arg>Content-Type=application/json</arg>
<doc>Creates and returns a dictionary based on the given ``items``.</doc>
<msg timestamp="20220716 19:59:57.438" level="INFO">&amp;{header} = { Content-Type=application/json }</msg>
<status status="PASS" starttime="20220716 19:59:57.437" endtime="20220716 19:59:57.438"/>
</kw>
<kw name="Post Request" library="RequestsLibrary">
<var>${response}</var>
<arg>AddData</arg>
<arg>api/studentsDetails</arg>
<arg>data=${body}</arg>
<arg>headers=${header}</arg>
<doc>*DEPRECATED* Please use `POST On Session` instead.</doc>
<msg timestamp="20220716 19:59:57.439" level="WARN">Keyword 'RequestsLibrary.Post Request' is deprecated. Please use `POST On Session` instead.</msg>
<msg timestamp="20220716 19:59:58.823" level="INFO">POST Request : url=https://thetestingworldapi.com/api/studentsDetails 
 path_url=/api/studentsDetails 
 headers={'User-Agent': 'python-requests/2.28.0', 'Accept-Encoding': 'gzip, deflate', 'Accept': '*/*', 'Connection': 'keep-alive', 'Content-Type': 'application/json', 'Content-Length': '98'} 
 body={"first_name": "Plane", "middle_name": "Jane", "last_name": "July", "date_of_birth": "12/12/1991"} 
 </msg>
<msg timestamp="20220716 19:59:58.823" level="INFO">POST Response : url=https://thetestingworldapi.com/api/studentsDetails 
 status=201, reason=Created 
 headers={'Cache-Control': 'no-cache', 'Pragma': 'no-cache', 'Content-Type': 'application/json; charset=utf-8', 'Expires': '-1', 'Location': 'https://thetestingworldapi.com/api/studentsDetails/2678811', 'Server': 'Microsoft-IIS/8.5', 'X-AspNet-Version': '4.0.30319', 'X-Powered-By': 'ASP.NET', 'X-Powered-By-Plesk': 'PleskWin', 'Date': 'Sat, 16 Jul 2022 17:59:58 GMT', 'Content-Length': '104'} 
 body={"id":2678811,"first_name":"Plane","middle_name":"Jane","last_name":"July","date_of_birth":"12/12/1991"} 
 </msg>
<msg timestamp="20220716 19:59:58.824" level="INFO">C:\Python3.10\lib\site-packages\urllib3\connectionpool.py:997: InsecureRequestWarning: Unverified HTTPS request is being made. Adding certificate verification is strongly advised. See: https://urllib3.readthedocs.io/en/latest/advanced-usage.html#ssl-warnings
  warnings.warn(</msg>
<msg timestamp="20220716 19:59:58.824" level="INFO">${response} = &lt;Response [201]&gt;</msg>
<status status="PASS" starttime="20220716 19:59:57.439" endtime="20220716 19:59:58.824"/>
</kw>
<kw name="Log To Console" library="BuiltIn">
<arg>${response.content}</arg>
<doc>Logs the given message to the console.</doc>
<status status="PASS" starttime="20220716 19:59:58.826" endtime="20220716 19:59:58.827"/>
</kw>
<kw name="Convert To String" library="BuiltIn">
<var>${code}</var>
<arg>${response.status_code}</arg>
<doc>Converts the given item to a Unicode string.</doc>
<msg timestamp="20220716 19:59:58.828" level="INFO">${code} = 201</msg>
<status status="PASS" starttime="20220716 19:59:58.827" endtime="20220716 19:59:58.828"/>
</kw>
<kw name="Should Be Equal" library="BuiltIn">
<arg>${code}</arg>
<arg>201</arg>
<doc>Fails if the given objects are unequal.</doc>
<status status="PASS" starttime="20220716 19:59:58.830" endtime="20220716 19:59:58.830"/>
</kw>
<status status="PASS" starttime="20220716 19:59:57.433" endtime="20220716 19:59:58.831"/>
</test>
<status status="PASS" starttime="20220716 19:59:57.425" endtime="20220716 19:59:58.832"/>
</suite>
<suite id="s1-s3-s2" name="TC 005 PutRequest" source="C:\Users\Aisha\PycharmProjects\pythonProject\pythonProject\RobotAutomation\REST-APITest\Put_Post\TC_005_PutRequest.robot">
<test id="s1-s3-s2-t1" name="TC_005 Create New Resource">
<kw name="Create Session" library="RequestsLibrary">
<arg>AddData</arg>
<arg>${base_url}</arg>
<doc>Create Session: create a HTTP session to a server</doc>
<msg timestamp="20220716 19:59:58.844" level="INFO">Creating Session using : alias=AddData, url=https://thetestingworldapi.com/, headers={},                     cookies={}, auth=None, timeout=None, proxies=None, verify=False,                     debug=0 </msg>
<status status="PASS" starttime="20220716 19:59:58.844" endtime="20220716 19:59:58.845"/>
</kw>
<kw name="Create Dictionary" library="BuiltIn">
<var>&amp;{body}</var>
<arg>id=2678210</arg>
<arg>first_name=Kevin</arg>
<arg>middle_name=Hearts</arg>
<arg>last_name=July</arg>
<arg>date_of_birth=12/12/1992</arg>
<doc>Creates and returns a dictionary based on the given ``items``.</doc>
<msg timestamp="20220716 19:59:58.846" level="INFO">&amp;{body} = { id=2678210 | first_name=Kevin | middle_name=Hearts | last_name=July | date_of_birth=12/12/1992 }</msg>
<status status="PASS" starttime="20220716 19:59:58.846" endtime="20220716 19:59:58.846"/>
</kw>
<kw name="Create Dictionary" library="BuiltIn">
<var>&amp;{header}</var>
<arg>Content-Type=application/json</arg>
<doc>Creates and returns a dictionary based on the given ``items``.</doc>
<msg timestamp="20220716 19:59:58.846" level="INFO">&amp;{header} = { Content-Type=application/json }</msg>
<status status="PASS" starttime="20220716 19:59:58.846" endtime="20220716 19:59:58.846"/>
</kw>
<kw name="Put Request" library="RequestsLibrary">
<var>${response}</var>
<arg>AddData</arg>
<arg>/api/studentsDetails/2678210</arg>
<arg>data=${body}</arg>
<arg>headers=${header}</arg>
<doc>*DEPRECATED* Please use `PUT On Session` instead.</doc>
<msg timestamp="20220716 19:59:58.847" level="WARN">Keyword 'RequestsLibrary.Put Request' is deprecated. Please use `PUT On Session` instead.</msg>
<msg timestamp="20220716 20:00:00.308" level="INFO">PUT Request : url=https://thetestingworldapi.com/api/studentsDetails/2678210 
 path_url=/api/studentsDetails/2678210 
 headers={'User-Agent': 'python-requests/2.28.0', 'Accept-Encoding': 'gzip, deflate', 'Accept': '*/*', 'Connection': 'keep-alive', 'Content-Type': 'application/json', 'Content-Length': '117'} 
 body={"id": "2678210", "first_name": "Kevin", "middle_name": "Hearts", "last_name": "July", "date_of_birth": "12/12/1992"} 
 </msg>
<msg timestamp="20220716 20:00:00.308" level="INFO">PUT Response : url=https://thetestingworldapi.com/api/studentsDetails/2678210 
 status=200, reason=OK 
 headers={'Cache-Control': 'no-cache', 'Pragma': 'no-cache', 'Content-Type': 'application/json; charset=utf-8', 'Expires': '-1', 'Server': 'Microsoft-IIS/8.5', 'X-AspNet-Version': '4.0.30319', 'X-Powered-By': 'ASP.NET', 'X-Powered-By-Plesk': 'PleskWin', 'Date': 'Sat, 16 Jul 2022 18:00:00 GMT', 'Content-Length': '46'} 
 body={"status":"true","msg":"update  data success"} 
 </msg>
<msg timestamp="20220716 20:00:00.308" level="INFO">C:\Python3.10\lib\site-packages\urllib3\connectionpool.py:997: InsecureRequestWarning: Unverified HTTPS request is being made. Adding certificate verification is strongly advised. See: https://urllib3.readthedocs.io/en/latest/advanced-usage.html#ssl-warnings
  warnings.warn(</msg>
<msg timestamp="20220716 20:00:00.310" level="INFO">${response} = &lt;Response [200]&gt;</msg>
<status status="PASS" starttime="20220716 19:59:58.847" endtime="20220716 20:00:00.310"/>
</kw>
<kw name="Log To Console" library="BuiltIn">
<arg>${response.status_code}</arg>
<doc>Logs the given message to the console.</doc>
<status status="PASS" starttime="20220716 20:00:00.312" endtime="20220716 20:00:00.313"/>
</kw>
<kw name="Log To Console" library="BuiltIn">
<arg>${response.content}</arg>
<doc>Logs the given message to the console.</doc>
<status status="PASS" starttime="20220716 20:00:00.314" endtime="20220716 20:00:00.315"/>
</kw>
<kw name="Get Request" library="RequestsLibrary">
<var>${response1}</var>
<arg>AddData</arg>
<arg>/api/studentsDetails/2678210</arg>
<doc>*DEPRECATED* Please use `GET On Session` instead.</doc>
<msg timestamp="20220716 20:00:00.316" level="WARN">Keyword 'RequestsLibrary.Get Request' is deprecated. Please use `GET On Session` instead.</msg>
<msg timestamp="20220716 20:00:00.652" level="INFO">GET Request : url=https://thetestingworldapi.com/api/studentsDetails/2678210 
 path_url=/api/studentsDetails/2678210 
 headers={'User-Agent': 'python-requests/2.28.0', 'Accept-Encoding': 'gzip, deflate', 'Accept': '*/*', 'Connection': 'keep-alive'} 
 body=None 
 </msg>
<msg timestamp="20220716 20:00:00.652" level="INFO">GET Response : url=https://thetestingworldapi.com/api/studentsDetails/2678210 
 status=200, reason=OK 
 headers={'Cache-Control': 'no-cache', 'Pragma': 'no-cache', 'Content-Type': 'application/json; charset=utf-8', 'Expires': '-1', 'Server': 'Microsoft-IIS/8.5', 'X-AspNet-Version': '4.0.30319', 'X-Powered-By': 'ASP.NET', 'X-Powered-By-Plesk': 'PleskWin', 'Date': 'Sat, 16 Jul 2022 18:00:00 GMT', 'Content-Length': '131'} 
 body={"status":"true","data":{"id":2678210,"first_name":"Kevin","middle_name":"Hearts","last_name":"July","date_of_birth":"12/12/1992"}} 
 </msg>
<msg timestamp="20220716 20:00:00.653" level="INFO">C:\Python3.10\lib\site-packages\urllib3\connectionpool.py:997: InsecureRequestWarning: Unverified HTTPS request is being made. Adding certificate verification is strongly advised. See: https://urllib3.readthedocs.io/en/latest/advanced-usage.html#ssl-warnings
  warnings.warn(</msg>
<msg timestamp="20220716 20:00:00.656" level="INFO">${response1} = &lt;Response [200]&gt;</msg>
<status status="PASS" starttime="20220716 20:00:00.316" endtime="20220716 20:00:00.657"/>
</kw>
<kw name="Log To Console" library="BuiltIn">
<arg>${response1.content}</arg>
<doc>Logs the given message to the console.</doc>
<status status="PASS" starttime="20220716 20:00:00.658" endtime="20220716 20:00:00.663"/>
</kw>
<status status="PASS" starttime="20220716 19:59:58.843" endtime="20220716 20:00:00.664"/>
</test>
<status status="PASS" starttime="20220716 19:59:58.835" endtime="20220716 20:00:00.667"/>
</suite>
<status status="PASS" starttime="20220716 19:59:57.421" endtime="20220716 20:00:00.671"/>
</suite>
<status status="FAIL" starttime="20220716 19:59:43.657" endtime="20220716 20:00:00.675"/>
</suite>
<statistics>
<total>
<stat pass="7" fail="2" skip="0">All Tests</stat>
</total>
<tag>
</tag>
<suite>
<stat pass="7" fail="2" skip="0" id="s1" name="REST-APITest">REST-APITest</stat>
<stat pass="2" fail="1" skip="0" id="s1-s1" name="EndtoEnd">REST-APITest.EndtoEnd</stat>
<stat pass="1" fail="0" skip="0" id="s1-s1-s1" name="TC 006 End2End">REST-APITest.EndtoEnd.TC 006 End2End</stat>
<stat pass="0" fail="1" skip="0" id="s1-s1-s2" name="TC 007 ValidateStatusCode Keyword">REST-APITest.EndtoEnd.TC 007 ValidateStatusCode Keyword</stat>
<stat pass="1" fail="0" skip="0" id="s1-s1-s3" name="TC 008 Post ReadJson">REST-APITest.EndtoEnd.TC 008 Post ReadJson</stat>
<stat pass="3" fail="1" skip="0" id="s1-s2" name="Get Delete">REST-APITest.Get Delete</stat>
<stat pass="1" fail="0" skip="0" id="s1-s2-s1" name="TC 001 Get Request">REST-APITest.Get Delete.TC 001 Get Request</stat>
<stat pass="0" fail="1" skip="0" id="s1-s2-s2" name="TC 002 Get Request">REST-APITest.Get Delete.TC 002 Get Request</stat>
<stat pass="1" fail="0" skip="0" id="s1-s2-s3" name="TC 002 Get With Param">REST-APITest.Get Delete.TC 002 Get With Param</stat>
<stat pass="1" fail="0" skip="0" id="s1-s2-s4" name="TC 003 DeleteRequest">REST-APITest.Get Delete.TC 003 DeleteRequest</stat>
<stat pass="2" fail="0" skip="0" id="s1-s3" name="Put Post">REST-APITest.Put Post</stat>
<stat pass="1" fail="0" skip="0" id="s1-s3-s1" name="TC 004 PostRequest">REST-APITest.Put Post.TC 004 PostRequest</stat>
<stat pass="1" fail="0" skip="0" id="s1-s3-s2" name="TC 005 PutRequest">REST-APITest.Put Post.TC 005 PutRequest</stat>
</suite>
</statistics>
<errors>
<msg timestamp="20220716 19:59:43.999" level="WARN">Keyword 'RequestsLibrary.Post Request' is deprecated. Please use `POST On Session` instead.</msg>
<msg timestamp="20220716 19:59:45.532" level="WARN">Keyword 'RequestsLibrary.To Json' is deprecated. Please use ${resp.json()} instead. Have a look at the improved HTML output as pretty printing replacement.</msg>
<msg timestamp="20220716 19:59:45.598" level="WARN">Keyword 'RequestsLibrary.Put Request' is deprecated. Please use `PUT On Session` instead.</msg>
<msg timestamp="20220716 19:59:46.056" level="WARN">Keyword 'RequestsLibrary.Get Request' is deprecated. Please use `GET On Session` instead.</msg>
<msg timestamp="20220716 19:59:46.513" level="WARN">Keyword 'RequestsLibrary.To Json' is deprecated. Please use ${resp.json()} instead. Have a look at the improved HTML output as pretty printing replacement.</msg>
<msg timestamp="20220716 19:59:46.574" level="WARN">Keyword 'RequestsLibrary.Delete Request' is deprecated. Please use `DELETE On Session` instead.</msg>
<msg timestamp="20220716 19:59:47.069" level="WARN">Keyword 'RequestsLibrary.To Json' is deprecated. Please use ${resp.json()} instead. Have a look at the improved HTML output as pretty printing replacement.</msg>
<msg timestamp="20220716 19:59:47.169" level="WARN">Keyword 'RequestsLibrary.Get Request' is deprecated. Please use `GET On Session` instead.</msg>
<msg timestamp="20220716 19:59:48.754" level="WARN">Keyword 'RequestsLibrary.Get Request' is deprecated. Please use `GET On Session` instead.</msg>
<msg timestamp="20220716 19:59:50.267" level="WARN">Keyword 'RequestsLibrary.Post Request' is deprecated. Please use `POST On Session` instead.</msg>
<msg timestamp="20220716 19:59:51.726" level="WARN">Keyword 'RequestsLibrary.Get Request' is deprecated. Please use `GET On Session` instead.</msg>
<msg timestamp="20220716 19:59:53.506" level="WARN">Keyword 'RequestsLibrary.Get Request' is deprecated. Please use `GET On Session` instead.</msg>
<msg timestamp="20220716 19:59:54.983" level="WARN">Keyword 'RequestsLibrary.To Json' is deprecated. Please use ${resp.json()} instead. Have a look at the improved HTML output as pretty printing replacement.</msg>
<msg timestamp="20220716 19:59:55.869" level="WARN">Keyword 'RequestsLibrary.To Json' is deprecated. Please use ${resp.json()} instead. Have a look at the improved HTML output as pretty printing replacement.</msg>
<msg timestamp="20220716 19:59:55.931" level="WARN">Keyword 'RequestsLibrary.Delete Request' is deprecated. Please use `DELETE On Session` instead.</msg>
<msg timestamp="20220716 19:59:57.334" level="WARN">Keyword 'RequestsLibrary.To Json' is deprecated. Please use ${resp.json()} instead. Have a look at the improved HTML output as pretty printing replacement.</msg>
<msg timestamp="20220716 19:59:57.439" level="WARN">Keyword 'RequestsLibrary.Post Request' is deprecated. Please use `POST On Session` instead.</msg>
<msg timestamp="20220716 19:59:58.847" level="WARN">Keyword 'RequestsLibrary.Put Request' is deprecated. Please use `PUT On Session` instead.</msg>
<msg timestamp="20220716 20:00:00.316" level="WARN">Keyword 'RequestsLibrary.Get Request' is deprecated. Please use `GET On Session` instead.</msg>
</errors>
</robot>
