<?xml version="1.0" encoding="UTF-8"?>
<robot generator="Robot 4.1 (Python 3.9.6 on win32)" generated="20210930 14:47:24.618" rpa="false" schemaversion="2">
<suite id="s1" name="TC 002 DropdownList" source="C:\Users\user\PycharmProjects\pythonProject\pythonProject\RobotAutomation\TestCases\TC_002_DropdownList.robot">
<test id="s1-t1" name="Robot First Test Case">
<kw name="Start Browser and Maximize" library="Resources1">
<arg>http://www.thetestingworld.com</arg>
<doc>This Keyword is for start Browser and Maximize its Window</doc>
<kw name="Open Browser" library="SeleniumLibrary">
<arg>${UserURL}</arg>
<arg>Chrome</arg>
<doc>Opens a new browser instance to the given ``url``.</doc>
<msg timestamp="20210930 14:47:26.292" level="INFO">Opening browser 'Chrome' to base url 'http://www.thetestingworld.com'.</msg>
<kw name="Capture Page Screenshot" library="SeleniumLibrary">
<doc>Takes screenshot of the current page and embeds it into log file.</doc>
<msg timestamp="20210930 14:47:30.649" level="INFO">Cannot capture screenshot because no browser is open.</msg>
<status status="PASS" starttime="20210930 14:47:30.649" endtime="20210930 14:47:30.649"/>
</kw>
<msg timestamp="20210930 14:47:30.649" level="FAIL">SessionNotCreatedException: Message: session not created: This version of ChromeDriver only supports Chrome version 92
Current browser version is 94.0.4606.61 with binary path C:\Program Files\Google\Chrome\Application\chrome.exe
</msg>
<status status="FAIL" starttime="20210930 14:47:26.292" endtime="20210930 14:47:30.649"/>
</kw>
<kw name="Maximize Browser Window" library="SeleniumLibrary">
<doc>Maximizes current browser window.</doc>
<status status="NOT RUN" starttime="20210930 14:47:30.649" endtime="20210930 14:47:30.649"/>
</kw>
<kw name="Page Should Contain" library="SeleniumLibrary">
<arg>VIDEOS</arg>
<doc>Verifies that current page contains ``text``.</doc>
<status status="NOT RUN" starttime="20210930 14:47:30.649" endtime="20210930 14:47:30.649"/>
</kw>
<kw name="Go To" library="SeleniumLibrary">
<arg>http://www.thetestingworld.com/testings</arg>
<doc>Navigates the active browser instance to the provided ``url``.</doc>
<status status="NOT RUN" starttime="20210930 14:47:30.649" endtime="20210930 14:47:30.649"/>
</kw>
<kw name="Maximize Browser Window" library="SeleniumLibrary">
<doc>Maximizes current browser window.</doc>
<status status="NOT RUN" starttime="20210930 14:47:30.649" endtime="20210930 14:47:30.649"/>
</kw>
<status status="FAIL" starttime="20210930 14:47:26.292" endtime="20210930 14:47:30.649"/>
</kw>
<kw name="Get Title" library="SeleniumLibrary">
<var>${Title}</var>
<doc>Returns the title of current page.</doc>
<status status="NOT RUN" starttime="20210930 14:47:30.649" endtime="20210930 14:47:30.649"/>
</kw>
<kw name="Log" library="BuiltIn">
<arg>${Title}</arg>
<doc>Logs the given message with the given level.</doc>
<status status="NOT RUN" starttime="20210930 14:47:30.649" endtime="20210930 14:47:30.649"/>
</kw>
<kw name="Get Selenium Implicit Wait" library="SeleniumLibrary">
<var>${default_T}</var>
<doc>Gets the implicit wait value used by Selenium.</doc>
<status status="NOT RUN" starttime="20210930 14:47:30.649" endtime="20210930 14:47:30.649"/>
</kw>
<kw name="Log To Console" library="BuiltIn">
<arg>${default_T}</arg>
<doc>Logs the given message to the console.</doc>
<status status="NOT RUN" starttime="20210930 14:47:30.649" endtime="20210930 14:47:30.649"/>
</kw>
<kw name="Set Selenium Implicit Wait" library="SeleniumLibrary">
<arg>20 seconds</arg>
<doc>Sets the implicit wait value used by Selenium.</doc>
<status status="NOT RUN" starttime="20210930 14:47:30.649" endtime="20210930 14:47:30.649"/>
</kw>
<kw name="Get Selenium Implicit Wait" library="SeleniumLibrary">
<var>${default_T}</var>
<doc>Gets the implicit wait value used by Selenium.</doc>
<status status="NOT RUN" starttime="20210930 14:47:30.649" endtime="20210930 14:47:30.649"/>
</kw>
<kw name="Log To Console" library="BuiltIn">
<arg>${default_T}</arg>
<doc>Logs the given message to the console.</doc>
<status status="NOT RUN" starttime="20210930 14:47:30.649" endtime="20210930 14:47:30.649"/>
</kw>
<kw name="Read Number of Row" library="Resources1">
<var>${row}</var>
<arg>Sheet1</arg>
<status status="NOT RUN" starttime="20210930 14:47:30.649" endtime="20210930 14:47:30.649"/>
</kw>
<for flavor="IN RANGE">
<var>${i}</var>
<value>1</value>
<value>${row}+1</value>
<iter>
<var name="${i}">${i}</var>
<kw name="Read Excel Data of Cell">
<var>${username1}</var>
<arg>Sheet1</arg>
<arg>${i}</arg>
<arg>1</arg>
<status status="NOT RUN" starttime="20210930 14:47:30.649" endtime="20210930 14:47:30.649"/>
</kw>
<kw name="Read Excel Data of Cell">
<var>${email1}</var>
<arg>Sheet1</arg>
<arg>${i}</arg>
<arg>2</arg>
<status status="NOT RUN" starttime="20210930 14:47:30.649" endtime="20210930 14:47:30.649"/>
</kw>
<kw name="Read Excel Data of Cell">
<var>${password1}</var>
<arg>Sheet1</arg>
<arg>${i}</arg>
<arg>3</arg>
<status status="NOT RUN" starttime="20210930 14:47:30.649" endtime="20210930 14:47:30.649"/>
</kw>
<kw name="Read Excel Data of Cell">
<var>${password2}</var>
<arg>Sheet1</arg>
<arg>${i}</arg>
<arg>4</arg>
<status status="NOT RUN" starttime="20210930 14:47:30.649" endtime="20210930 14:47:30.649"/>
</kw>
<kw name="Read Excel Data of Cell">
<var>${dateofbirth}</var>
<arg>Sheet1</arg>
<arg>${i}</arg>
<arg>5</arg>
<status status="NOT RUN" starttime="20210930 14:47:30.649" endtime="20210930 14:47:30.649"/>
</kw>
<kw name="Read Excel Data of Cell">
<var>${contact}</var>
<arg>Sheet1</arg>
<arg>${i}</arg>
<arg>6</arg>
<status status="NOT RUN" starttime="20210930 14:47:30.649" endtime="20210930 14:47:30.649"/>
</kw>
<kw name="Read Excel Data of Cell">
<var>${address}</var>
<arg>Sheet1</arg>
<arg>${i}</arg>
<arg>7</arg>
<status status="NOT RUN" starttime="20210930 14:47:30.649" endtime="20210930 14:47:30.649"/>
</kw>
<kw name="Read Excel Data of Cell">
<var>${zipcode}</var>
<arg>Sheet1</arg>
<arg>${i}</arg>
<arg>8</arg>
<status status="NOT RUN" starttime="20210930 14:47:30.649" endtime="20210930 14:47:30.649"/>
</kw>
<kw name="Read Element Locator" library="Resources1">
<var>${username}</var>
<arg>Registration.username_textbox_name</arg>
<status status="NOT RUN" starttime="20210930 14:47:30.649" endtime="20210930 14:47:30.649"/>
</kw>
<kw name="Input Text" library="SeleniumLibrary">
<arg>name:${username}</arg>
<arg>${username1}</arg>
<doc>Types the given ``text`` into text field identified by ``locator``.</doc>
<status status="NOT RUN" starttime="20210930 14:47:30.649" endtime="20210930 14:47:30.649"/>
</kw>
<kw name="Read Element Locator" library="Resources1">
<var>${email}</var>
<arg>Registration.email_textbox_name</arg>
<status status="NOT RUN" starttime="20210930 14:47:30.649" endtime="20210930 14:47:30.649"/>
</kw>
<kw name="Input Text" library="SeleniumLibrary">
<arg>name:${email}</arg>
<arg>${email1}</arg>
<doc>Types the given ``text`` into text field identified by ``locator``.</doc>
<status status="NOT RUN" starttime="20210930 14:47:30.649" endtime="20210930 14:47:30.649"/>
</kw>
<kw name="Read Element Locator" library="Resources1">
<var>${password}</var>
<arg>Registration.password_textbox_name</arg>
<status status="NOT RUN" starttime="20210930 14:47:30.649" endtime="20210930 14:47:30.649"/>
</kw>
<kw name="Input Text" library="SeleniumLibrary">
<arg>name:${password}</arg>
<arg>${password1}</arg>
<doc>Types the given ``text`` into text field identified by ``locator``.</doc>
<status status="NOT RUN" starttime="20210930 14:47:30.649" endtime="20210930 14:47:30.649"/>
</kw>
<kw name="Input Text" library="SeleniumLibrary">
<arg>xpath://*[@id="tab-content1"]/form/input[5]</arg>
<arg>${password2}</arg>
<doc>Types the given ``text`` into text field identified by ``locator``.</doc>
<status status="NOT RUN" starttime="20210930 14:47:30.649" endtime="20210930 14:47:30.649"/>
</kw>
<kw name="Input Text" library="SeleniumLibrary">
<arg>//input[@name="dob"]</arg>
<arg>${dateofbirth}</arg>
<doc>Types the given ``text`` into text field identified by ``locator``.</doc>
<status status="NOT RUN" starttime="20210930 14:47:30.649" endtime="20210930 14:47:30.649"/>
</kw>
<kw name="Input Text" library="SeleniumLibrary">
<arg>xpath://*[@id="tab-content1"]/form/input[7]</arg>
<arg>${contact}</arg>
<doc>Types the given ``text`` into text field identified by ``locator``.</doc>
<status status="NOT RUN" starttime="20210930 14:47:30.649" endtime="20210930 14:47:30.649"/>
</kw>
<kw name="Input Text" library="SeleniumLibrary">
<arg>xpath://*[@id="tab-content1"]/form/input[8]</arg>
<arg>${address}</arg>
<doc>Types the given ``text`` into text field identified by ``locator``.</doc>
<status status="NOT RUN" starttime="20210930 14:47:30.649" endtime="20210930 14:47:30.649"/>
</kw>
<kw name="Select Radio Button" library="SeleniumLibrary">
<arg>add_type</arg>
<arg>home</arg>
<doc>Sets radio button group ``group_name`` to ``value``.</doc>
<status status="NOT RUN" starttime="20210930 14:47:30.649" endtime="20210930 14:47:30.649"/>
</kw>
<kw name="Select From List By Label" library="SeleniumLibrary">
<arg>name:sex</arg>
<arg>Female</arg>
<doc>Selects options from selection list ``locator`` by ``labels``.</doc>
<status status="NOT RUN" starttime="20210930 14:47:30.649" endtime="20210930 14:47:30.649"/>
</kw>
<kw name="Select From List By Value" library="SeleniumLibrary">
<arg>//select[@name="country"]</arg>
<arg>202</arg>
<doc>Selects options from selection list ``locator`` by ``values``.</doc>
<status status="NOT RUN" starttime="20210930 14:47:30.649" endtime="20210930 14:47:30.649"/>
</kw>
<kw name="Select From List By Value" library="SeleniumLibrary">
<arg>//select[@name="state"]</arg>
<arg>3240</arg>
<doc>Selects options from selection list ``locator`` by ``values``.</doc>
<status status="NOT RUN" starttime="20210930 14:47:30.665" endtime="20210930 14:47:30.665"/>
</kw>
<kw name="Select From List By Value" library="SeleniumLibrary">
<arg>//select[@name="city"]</arg>
<arg>38049</arg>
<doc>Selects options from selection list ``locator`` by ``values``.</doc>
<status status="NOT RUN" starttime="20210930 14:47:30.665" endtime="20210930 14:47:30.665"/>
</kw>
<kw name="Input Text" library="SeleniumLibrary">
<arg>//input[@name="zip"]</arg>
<arg>${zipcode}</arg>
<doc>Types the given ``text`` into text field identified by ``locator``.</doc>
<status status="NOT RUN" starttime="20210930 14:47:30.665" endtime="20210930 14:47:30.665"/>
</kw>
<kw name="Capture Page Screenshot" library="SeleniumLibrary">
<arg>./SnapShots/TC1.png</arg>
<doc>Takes screenshot of the current page and embeds it into log file.</doc>
<status status="NOT RUN" starttime="20210930 14:47:30.665" endtime="20210930 14:47:30.665"/>
</kw>
<kw name="Select Checkbox" library="SeleniumLibrary">
<arg>name:terms</arg>
<doc>Selects checkbox identified by ``locator``.</doc>
<status status="NOT RUN" starttime="20210930 14:47:30.665" endtime="20210930 14:47:30.665"/>
</kw>
<kw name="Checkbox Should Be Selected" library="SeleniumLibrary">
<arg>name:terms</arg>
<doc>Verifies checkbox ``locator`` is selected/checked.</doc>
<status status="NOT RUN" starttime="20210930 14:47:30.665" endtime="20210930 14:47:30.665"/>
</kw>
<kw name="Execute Javascript" library="SeleniumLibrary">
<arg>window.scrollTo(0,200)</arg>
<doc>Executes the given JavaScript code with possible arguments.</doc>
<status status="NOT RUN" starttime="20210930 14:47:30.665" endtime="20210930 14:47:30.665"/>
</kw>
<kw name="Capture Page Screenshot" library="SeleniumLibrary">
<arg>./SnapShots/TC2.png</arg>
<doc>Takes screenshot of the current page and embeds it into log file.</doc>
<status status="NOT RUN" starttime="20210930 14:47:30.665" endtime="20210930 14:47:30.665"/>
</kw>
<kw name="Click Button" library="SeleniumLibrary">
<arg>xpath://input[@type='submit']</arg>
<doc>Clicks button identified by ``locator``.</doc>
<status status="NOT RUN" starttime="20210930 14:47:30.665" endtime="20210930 14:47:30.665"/>
</kw>
<kw name="Sleep" library="BuiltIn">
<arg>5 seconds</arg>
<doc>Pauses the test executed for the given time.</doc>
<status status="NOT RUN" starttime="20210930 14:47:30.665" endtime="20210930 14:47:30.665"/>
</kw>
<status status="NOT RUN" starttime="20210930 14:47:30.649" endtime="20210930 14:47:30.665"/>
</iter>
<status status="NOT RUN" starttime="20210930 14:47:30.649" endtime="20210930 14:47:30.665"/>
</for>
<kw name="Capture Page Screenshot" library="SeleniumLibrary">
<arg>./SnapShots/TC3.png</arg>
<doc>Takes screenshot of the current page and embeds it into log file.</doc>
<status status="NOT RUN" starttime="20210930 14:47:30.665" endtime="20210930 14:47:30.665"/>
</kw>
<kw name="Close Browser and get Page source" library="Resources1">
<status status="NOT RUN" starttime="20210930 14:47:30.665" endtime="20210930 14:47:30.665"/>
</kw>
<doc>This test cases is to check registration functionality of Application</doc>
<status status="FAIL" starttime="20210930 14:47:26.292" endtime="20210930 14:47:30.665">SessionNotCreatedException: Message: session not created: This version of ChromeDriver only supports Chrome version 92
Current browser version is 94.0.4606.61 with binary path C:\Program Files\Google\Chrome\Application\chrome.exe
</status>
</test>
<status status="FAIL" starttime="20210930 14:47:24.618" endtime="20210930 14:47:30.665"/>
</suite>
<statistics>
<total>
<stat pass="0" fail="1" skip="0">All Tests</stat>
</total>
<tag>
</tag>
<suite>
<stat pass="0" fail="1" skip="0" id="s1" name="TC 002 DropdownList">TC 002 DropdownList</stat>
</suite>
</statistics>
<errors>
</errors>
</robot>
