<?xml version="1.0" encoding="UTF-8"?>
<robot generator="Robot 4.1.2 (Python 3.10.1 on win32)" generated="20220622 00:06:33.939" rpa="false" schemaversion="2">
<suite id="s1" name="TC 002 Get Request" source="C:\Users\Aisha\PycharmProjects\pythonProject\pythonProject\RobotAutomation\REST-APITest\TC_002_Get_Request.robot">
<test id="s1-t1" name="TC_002_Fetch_student_details_by_id">
<kw name="Create Session" library="RequestsLibrary">
<arg>FetchData</arg>
<arg>${App_Base_URL}</arg>
<doc>Create Session: create a HTTP session to a server</doc>
<msg timestamp="20220622 00:06:34.216" level="INFO">Creating Session using : alias=FetchData, url=https://thetestingworldapi.com/, headers={},                     cookies={}, auth=None, timeout=None, proxies=None, verify=False,                     debug=0 </msg>
<status status="PASS" starttime="20220622 00:06:34.215" endtime="20220622 00:06:34.216"/>
</kw>
<kw name="Get Request" library="RequestsLibrary">
<var>${Response}</var>
<arg>FetchData</arg>
<arg>api/studentsDetails/${StudentID}</arg>
<doc>*DEPRECATED* Please use `GET On Session` instead.</doc>
<msg timestamp="20220622 00:06:34.217" level="WARN">Keyword 'RequestsLibrary.Get Request' is deprecated. Please use `GET On Session` instead.</msg>
<msg timestamp="20220622 00:06:36.347" level="INFO">GET Request : url=https://thetestingworldapi.com/api/studentsDetails/28 
 path_url=/api/studentsDetails/28 
 headers={'User-Agent': 'python-requests/2.28.0', 'Accept-Encoding': 'gzip, deflate', 'Accept': '*/*', 'Connection': 'keep-alive'} 
 body=None 
 </msg>
<msg timestamp="20220622 00:06:36.348" level="INFO">GET Response : url=https://thetestingworldapi.com/api/studentsDetails/28 
 status=200, reason=OK 
 headers={'Cache-Control': 'no-cache', 'Pragma': 'no-cache', 'Content-Type': 'application/json; charset=utf-8', 'Expires': '-1', 'Server': 'Microsoft-IIS/8.5', 'X-AspNet-Version': '4.0.30319', 'X-Powered-By': 'ASP.NET', 'X-Powered-By-Plesk': 'PleskWin', 'Date': 'Tue, 21 Jun 2022 22:06:37 GMT', 'Content-Length': '40'} 
 body={"status":"false","msg":"No data Found"} 
 </msg>
<msg timestamp="20220622 00:06:36.348" level="INFO">C:\Python3.10\lib\site-packages\urllib3\connectionpool.py:997: InsecureRequestWarning: Unverified HTTPS request is being made. Adding certificate verification is strongly advised. See: https://urllib3.readthedocs.io/en/latest/advanced-usage.html#ssl-warnings
  warnings.warn(</msg>
<msg timestamp="20220622 00:06:36.352" level="INFO">${Response} = &lt;Response [200]&gt;</msg>
<status status="PASS" starttime="20220622 00:06:34.217" endtime="20220622 00:06:36.352"/>
</kw>
<kw name="Convert To String" library="BuiltIn">
<var>${actual_code}</var>
<arg>${Response.status_code}</arg>
<doc>Converts the given item to a Unicode string.</doc>
<msg timestamp="20220622 00:06:36.362" level="INFO">${actual_code} = 200</msg>
<status status="PASS" starttime="20220622 00:06:36.355" endtime="20220622 00:06:36.363"/>
</kw>
<kw name="Should Be Equal" library="BuiltIn">
<arg>${actual_code}</arg>
<arg>200</arg>
<doc>Fails if the given objects are unequal.</doc>
<status status="PASS" starttime="20220622 00:06:36.364" endtime="20220622 00:06:36.366"/>
</kw>
<status status="PASS" starttime="20220622 00:06:34.214" endtime="20220622 00:06:36.367"/>
</test>
<status status="PASS" starttime="20220622 00:06:33.942" endtime="20220622 00:06:36.371"/>
</suite>
<statistics>
<total>
<stat pass="1" fail="0" skip="0">All Tests</stat>
</total>
<tag>
</tag>
<suite>
<stat pass="1" fail="0" skip="0" id="s1" name="TC 002 Get Request">TC 002 Get Request</stat>
</suite>
</statistics>
<errors>
<msg timestamp="20220622 00:06:34.217" level="WARN">Keyword 'RequestsLibrary.Get Request' is deprecated. Please use `GET On Session` instead.</msg>
</errors>
</robot>
